CRITICAL - 2025-08-17 11:31:14 --> ErrorException: Undefined array key "coupon_type"
[Method: POST, Route: getCouponList]
in APPPATH/Controllers/Website/Coupon.php on line 82.
 1 APPPATH/Controllers/Website/Coupon.php(82): CodeIgniter\Debug\Exceptions->errorHandler()
 2 SYSTEMPATH/CodeIgniter.php(933): App\Controllers\Website\Coupon->getCouponList()
 3 SYSTEMPATH/CodeIgniter.php(509): CodeIgniter\CodeIgniter->runController()
 4 SYSTEMPATH/CodeIgniter.php(355): CodeIgniter\CodeIgniter->handleRequest()
 5 SYSTEMPATH/Boot.php(334): CodeIgniter\CodeIgniter->run()
 6 SYSTEMPATH/Boot.php(67): CodeIgniter\Boot::runCodeIgniter()
 7 FCPATH/index.php(56): CodeIgniter\Boot::bootWeb()
CRITICAL - 2025-08-17 06:16:46 --> ParseError: syntax error, unexpected identifier "o"
[Method: GET, Route: order-details/7]
in APPPATH/Controllers/Website/Order.php on line 320.
 1 VENDORPATH/composer/ClassLoader.php(427): Composer\Autoload\{closure}()
 2 [internal function]: Composer\Autoload\ClassLoader->loadClass()
 3 SYSTEMPATH/CodeIgniter.php(887): class_exists()
 4 SYSTEMPATH/CodeIgniter.php(496): CodeIgniter\CodeIgniter->startController()
 5 SYSTEMPATH/CodeIgniter.php(355): CodeIgniter\CodeIgniter->handleRequest()
 6 SYSTEMPATH/Boot.php(334): CodeIgniter\CodeIgniter->run()
 7 SYSTEMPATH/Boot.php(67): CodeIgniter\Boot::runCodeIgniter()
 8 FCPATH/index.php(56): CodeIgniter\Boot::bootWeb()
CRITICAL - 2025-08-17 06:19:12 --> ParseError: syntax error, unexpected identifier "o"
[Method: GET, Route: order-details/7]
in APPPATH/Controllers/Website/Order.php on line 320.
 1 VENDORPATH/composer/ClassLoader.php(427): Composer\Autoload\{closure}()
 2 [internal function]: Composer\Autoload\ClassLoader->loadClass()
 3 SYSTEMPATH/CodeIgniter.php(887): class_exists()
 4 SYSTEMPATH/CodeIgniter.php(496): CodeIgniter\CodeIgniter->startController()
 5 SYSTEMPATH/CodeIgniter.php(355): CodeIgniter\CodeIgniter->handleRequest()
 6 SYSTEMPATH/Boot.php(334): CodeIgniter\CodeIgniter->run()
 7 SYSTEMPATH/Boot.php(67): CodeIgniter\Boot::runCodeIgniter()
 8 FCPATH/index.php(56): CodeIgniter\Boot::bootWeb()
CRITICAL - 2025-08-17 06:20:46 --> ParseError: syntax error, unexpected identifier "o"
[Method: GET, Route: order-details/7]
in APPPATH/Controllers/Website/Order.php on line 320.
 1 VENDORPATH/composer/ClassLoader.php(427): Composer\Autoload\{closure}()
 2 [internal function]: Composer\Autoload\ClassLoader->loadClass()
 3 SYSTEMPATH/CodeIgniter.php(887): class_exists()
 4 SYSTEMPATH/CodeIgniter.php(496): CodeIgniter\CodeIgniter->startController()
 5 SYSTEMPATH/CodeIgniter.php(355): CodeIgniter\CodeIgniter->handleRequest()
 6 SYSTEMPATH/Boot.php(334): CodeIgniter\CodeIgniter->run()
 7 SYSTEMPATH/Boot.php(67): CodeIgniter\Boot::runCodeIgniter()
 8 FCPATH/index.php(56): CodeIgniter\Boot::bootWeb()
CRITICAL - 2025-08-17 06:20:49 --> ParseError: syntax error, unexpected identifier "o"
[Method: GET, Route: order-history]
in APPPATH/Controllers/Website/Order.php on line 320.
 1 VENDORPATH/composer/ClassLoader.php(427): Composer\Autoload\{closure}()
 2 [internal function]: Composer\Autoload\ClassLoader->loadClass()
 3 SYSTEMPATH/CodeIgniter.php(887): class_exists()
 4 SYSTEMPATH/CodeIgniter.php(496): CodeIgniter\CodeIgniter->startController()
 5 SYSTEMPATH/CodeIgniter.php(355): CodeIgniter\CodeIgniter->handleRequest()
 6 SYSTEMPATH/Boot.php(334): CodeIgniter\CodeIgniter->run()
 7 SYSTEMPATH/Boot.php(67): CodeIgniter\Boot::runCodeIgniter()
 8 FCPATH/index.php(56): CodeIgniter\Boot::bootWeb()
CRITICAL - 2025-08-17 06:21:08 --> ParseError: syntax error, unexpected identifier "o"
[Method: POST, Route: verifyOrderDetails]
in APPPATH/Controllers/Website/Order.php on line 320.
 1 VENDORPATH/composer/ClassLoader.php(427): Composer\Autoload\{closure}()
 2 [internal function]: Composer\Autoload\ClassLoader->loadClass()
 3 SYSTEMPATH/CodeIgniter.php(887): class_exists()
 4 SYSTEMPATH/CodeIgniter.php(496): CodeIgniter\CodeIgniter->startController()
 5 SYSTEMPATH/CodeIgniter.php(355): CodeIgniter\CodeIgniter->handleRequest()
 6 SYSTEMPATH/Boot.php(334): CodeIgniter\CodeIgniter->run()
 7 SYSTEMPATH/Boot.php(67): CodeIgniter\Boot::runCodeIgniter()
 8 FCPATH/index.php(56): CodeIgniter\Boot::bootWeb()
CRITICAL - 2025-08-17 06:21:25 --> ParseError: syntax error, unexpected identifier "o"
[Method: POST, Route: verifyOrderDetails]
in APPPATH/Controllers/Website/Order.php on line 320.
 1 VENDORPATH/composer/ClassLoader.php(427): Composer\Autoload\{closure}()
 2 [internal function]: Composer\Autoload\ClassLoader->loadClass()
 3 SYSTEMPATH/CodeIgniter.php(887): class_exists()
 4 SYSTEMPATH/CodeIgniter.php(496): CodeIgniter\CodeIgniter->startController()
 5 SYSTEMPATH/CodeIgniter.php(355): CodeIgniter\CodeIgniter->handleRequest()
 6 SYSTEMPATH/Boot.php(334): CodeIgniter\CodeIgniter->run()
 7 SYSTEMPATH/Boot.php(67): CodeIgniter\Boot::runCodeIgniter()
 8 FCPATH/index.php(56): CodeIgniter\Boot::bootWeb()
CRITICAL - 2025-08-17 06:21:25 --> ParseError: syntax error, unexpected identifier "o"
[Method: POST, Route: verifyOrderDetails]
in APPPATH/Controllers/Website/Order.php on line 320.
 1 VENDORPATH/composer/ClassLoader.php(427): Composer\Autoload\{closure}()
 2 [internal function]: Composer\Autoload\ClassLoader->loadClass()
 3 SYSTEMPATH/CodeIgniter.php(887): class_exists()
 4 SYSTEMPATH/CodeIgniter.php(496): CodeIgniter\CodeIgniter->startController()
 5 SYSTEMPATH/CodeIgniter.php(355): CodeIgniter\CodeIgniter->handleRequest()
 6 SYSTEMPATH/Boot.php(334): CodeIgniter\CodeIgniter->run()
 7 SYSTEMPATH/Boot.php(67): CodeIgniter\Boot::runCodeIgniter()
 8 FCPATH/index.php(56): CodeIgniter\Boot::bootWeb()
CRITICAL - 2025-08-17 06:21:25 --> ParseError: syntax error, unexpected identifier "o"
[Method: POST, Route: verifyOrderDetails]
in APPPATH/Controllers/Website/Order.php on line 320.
 1 VENDORPATH/composer/ClassLoader.php(427): Composer\Autoload\{closure}()
 2 [internal function]: Composer\Autoload\ClassLoader->loadClass()
 3 SYSTEMPATH/CodeIgniter.php(887): class_exists()
 4 SYSTEMPATH/CodeIgniter.php(496): CodeIgniter\CodeIgniter->startController()
 5 SYSTEMPATH/CodeIgniter.php(355): CodeIgniter\CodeIgniter->handleRequest()
 6 SYSTEMPATH/Boot.php(334): CodeIgniter\CodeIgniter->run()
 7 SYSTEMPATH/Boot.php(67): CodeIgniter\Boot::runCodeIgniter()
 8 FCPATH/index.php(56): CodeIgniter\Boot::bootWeb()
CRITICAL - 2025-08-17 10:23:08 --> ErrorException: Trying to access array offset on null
[Method: GET, Route: language]
in APPPATH/Controllers/Website/Language.php on line 35.
 1 APPPATH/Controllers/Website/Language.php(35): CodeIgniter\Debug\Exceptions->errorHandler()
 2 SYSTEMPATH/CodeIgniter.php(933): App\Controllers\Website\Language->index()
 3 SYSTEMPATH/CodeIgniter.php(509): CodeIgniter\CodeIgniter->runController()
 4 SYSTEMPATH/CodeIgniter.php(355): CodeIgniter\CodeIgniter->handleRequest()
 5 SYSTEMPATH/Boot.php(334): CodeIgniter\CodeIgniter->run()
 6 SYSTEMPATH/Boot.php(67): CodeIgniter\Boot::runCodeIgniter()
 7 FCPATH/index.php(56): CodeIgniter\Boot::bootWeb()
CRITICAL - 2025-08-17 11:48:38 --> Razorpay\Api\Errors\BadRequestError: Authentication failed
[Method: POST, Route: createRazorpayOrder]
in VENDORPATH/razorpay/razorpay/src/Request.php on line 169.
 1 VENDORPATH/razorpay/razorpay/src/Request.php(129): Razorpay\Api\Request->processError()
 2 VENDORPATH/razorpay/razorpay/src/Request.php(78): Razorpay\Api\Request->checkErrors()
 3 VENDORPATH/razorpay/razorpay/src/Entity.php(93): Razorpay\Api\Request->request()
 4 VENDORPATH/razorpay/razorpay/src/Entity.php(20): Razorpay\Api\Entity->request()
 5 VENDORPATH/razorpay/razorpay/src/Order.php(18): Razorpay\Api\Entity->create()
 6 APPPATH/Controllers/Website/Order.php(1165): Razorpay\Api\Order->create()
 7 SYSTEMPATH/CodeIgniter.php(933): App\Controllers\Website\Order->createRazorpayOrder()
 8 SYSTEMPATH/CodeIgniter.php(509): CodeIgniter\CodeIgniter->runController()
 9 SYSTEMPATH/CodeIgniter.php(355): CodeIgniter\CodeIgniter->handleRequest()
10 SYSTEMPATH/Boot.php(334): CodeIgniter\CodeIgniter->run()
11 SYSTEMPATH/Boot.php(67): CodeIgniter\Boot::runCodeIgniter()
12 FCPATH/index.php(56): CodeIgniter\Boot::bootWeb()
CRITICAL - 2025-08-17 11:48:45 --> Razorpay\Api\Errors\BadRequestError: Authentication failed
[Method: POST, Route: createRazorpayOrder]
in VENDORPATH/razorpay/razorpay/src/Request.php on line 169.
 1 VENDORPATH/razorpay/razorpay/src/Request.php(129): Razorpay\Api\Request->processError()
 2 VENDORPATH/razorpay/razorpay/src/Request.php(78): Razorpay\Api\Request->checkErrors()
 3 VENDORPATH/razorpay/razorpay/src/Entity.php(93): Razorpay\Api\Request->request()
 4 VENDORPATH/razorpay/razorpay/src/Entity.php(20): Razorpay\Api\Entity->request()
 5 VENDORPATH/razorpay/razorpay/src/Order.php(18): Razorpay\Api\Entity->create()
 6 APPPATH/Controllers/Website/Order.php(1165): Razorpay\Api\Order->create()
 7 SYSTEMPATH/CodeIgniter.php(933): App\Controllers\Website\Order->createRazorpayOrder()
 8 SYSTEMPATH/CodeIgniter.php(509): CodeIgniter\CodeIgniter->runController()
 9 SYSTEMPATH/CodeIgniter.php(355): CodeIgniter\CodeIgniter->handleRequest()
10 SYSTEMPATH/Boot.php(334): CodeIgniter\CodeIgniter->run()
11 SYSTEMPATH/Boot.php(67): CodeIgniter\Boot::runCodeIgniter()
12 FCPATH/index.php(56): CodeIgniter\Boot::bootWeb()
ERROR - 2025-08-17 17:18:48 --> mysqli_sql_exception: Column 'delivery_method' cannot be null in /home/u337588111/domains/blinkme.online/vendor/codeigniter4/framework/system/Database/MySQLi/Connection.php:312
Stack trace:
#0 /home/u337588111/domains/blinkme.online/vendor/codeigniter4/framework/system/Database/MySQLi/Connection.php(312): mysqli->query()
#1 /home/u337588111/domains/blinkme.online/vendor/codeigniter4/framework/system/Database/BaseConnection.php(734): CodeIgniter\Database\MySQLi\Connection->execute()
#2 /home/u337588111/domains/blinkme.online/vendor/codeigniter4/framework/system/Database/BaseConnection.php(648): CodeIgniter\Database\BaseConnection->simpleQuery()
#3 /home/u337588111/domains/blinkme.online/vendor/codeigniter4/framework/system/Database/BaseBuilder.php(2340): CodeIgniter\Database\BaseConnection->query()
#4 /home/u337588111/domains/blinkme.online/vendor/codeigniter4/framework/system/Model.php(394): CodeIgniter\Database\BaseBuilder->insert()
#5 /home/u337588111/domains/blinkme.online/vendor/codeigniter4/framework/system/BaseModel.php(839): CodeIgniter\Model->doInsert()
#6 /home/u337588111/domains/blinkme.online/vendor/codeigniter4/framework/system/Model.php(800): CodeIgniter\BaseModel->insert()
#7 /home/u337588111/domains/blinkme.online/app/Controllers/Website/Order.php(922): CodeIgniter\Model->insert()
#8 /home/u337588111/domains/blinkme.online/vendor/codeigniter4/framework/system/CodeIgniter.php(933): App\Controllers\Website\Order->placeCODOrder()
#9 /home/u337588111/domains/blinkme.online/vendor/codeigniter4/framework/system/CodeIgniter.php(509): CodeIgniter\CodeIgniter->runController()
#10 /home/u337588111/domains/blinkme.online/vendor/codeigniter4/framework/system/CodeIgniter.php(355): CodeIgniter\CodeIgniter->handleRequest()
#11 /home/u337588111/domains/blinkme.online/vendor/codeigniter4/framework/system/Boot.php(334): CodeIgniter\CodeIgniter->run()
#12 /home/u337588111/domains/blinkme.online/vendor/codeigniter4/framework/system/Boot.php(67): CodeIgniter\Boot::runCodeIgniter()
#13 /home/u337588111/domains/blinkme.online/public_html/index.php(56): CodeIgniter\Boot::bootWeb()
#14 {main}
CRITICAL - 2025-08-17 17:18:48 --> CodeIgniter\Database\Exceptions\DatabaseException: Column 'delivery_method' cannot be null
[Method: POST, Route: placeCODOrder]
in SYSTEMPATH/Database/BaseConnection.php on line 688.
 1 SYSTEMPATH/Database/BaseBuilder.php(2340): CodeIgniter\Database\BaseConnection->query()
 2 SYSTEMPATH/Model.php(394): CodeIgniter\Database\BaseBuilder->insert()
 3 SYSTEMPATH/BaseModel.php(839): CodeIgniter\Model->doInsert()
 4 SYSTEMPATH/Model.php(800): CodeIgniter\BaseModel->insert()
 5 APPPATH/Controllers/Website/Order.php(922): CodeIgniter\Model->insert()
 6 SYSTEMPATH/CodeIgniter.php(933): App\Controllers\Website\Order->placeCODOrder()
 7 SYSTEMPATH/CodeIgniter.php(509): CodeIgniter\CodeIgniter->runController()
 8 SYSTEMPATH/CodeIgniter.php(355): CodeIgniter\CodeIgniter->handleRequest()
 9 SYSTEMPATH/Boot.php(334): CodeIgniter\CodeIgniter->run()
10 SYSTEMPATH/Boot.php(67): CodeIgniter\Boot::runCodeIgniter()
11 FCPATH/index.php(56): CodeIgniter\Boot::bootWeb()
CRITICAL - 2025-08-17 17:18:48 --> [Caused by] CodeIgniter\Database\Exceptions\DatabaseException: Column 'delivery_method' cannot be null
in SYSTEMPATH/Database/MySQLi/Connection.php on line 317.
 1 SYSTEMPATH/Database/BaseConnection.php(734): CodeIgniter\Database\MySQLi\Connection->execute()
 2 SYSTEMPATH/Database/BaseConnection.php(648): CodeIgniter\Database\BaseConnection->simpleQuery()
 3 SYSTEMPATH/Database/BaseBuilder.php(2340): CodeIgniter\Database\BaseConnection->query()
 4 SYSTEMPATH/Model.php(394): CodeIgniter\Database\BaseBuilder->insert()
 5 SYSTEMPATH/BaseModel.php(839): CodeIgniter\Model->doInsert()
 6 SYSTEMPATH/Model.php(800): CodeIgniter\BaseModel->insert()
 7 APPPATH/Controllers/Website/Order.php(922): CodeIgniter\Model->insert()
 8 SYSTEMPATH/CodeIgniter.php(933): App\Controllers\Website\Order->placeCODOrder()
 9 SYSTEMPATH/CodeIgniter.php(509): CodeIgniter\CodeIgniter->runController()
10 SYSTEMPATH/CodeIgniter.php(355): CodeIgniter\CodeIgniter->handleRequest()
11 SYSTEMPATH/Boot.php(334): CodeIgniter\CodeIgniter->run()
12 SYSTEMPATH/Boot.php(67): CodeIgniter\Boot::runCodeIgniter()
13 FCPATH/index.php(56): CodeIgniter\Boot::bootWeb()
CRITICAL - 2025-08-17 17:18:48 --> [Caused by] mysqli_sql_exception: Column 'delivery_method' cannot be null
in SYSTEMPATH/Database/MySQLi/Connection.php on line 312.
 1 SYSTEMPATH/Database/MySQLi/Connection.php(312): mysqli->query()
 2 SYSTEMPATH/Database/BaseConnection.php(734): CodeIgniter\Database\MySQLi\Connection->execute()
 3 SYSTEMPATH/Database/BaseConnection.php(648): CodeIgniter\Database\BaseConnection->simpleQuery()
 4 SYSTEMPATH/Database/BaseBuilder.php(2340): CodeIgniter\Database\BaseConnection->query()
 5 SYSTEMPATH/Model.php(394): CodeIgniter\Database\BaseBuilder->insert()
 6 SYSTEMPATH/BaseModel.php(839): CodeIgniter\Model->doInsert()
 7 SYSTEMPATH/Model.php(800): CodeIgniter\BaseModel->insert()
 8 APPPATH/Controllers/Website/Order.php(922): CodeIgniter\Model->insert()
 9 SYSTEMPATH/CodeIgniter.php(933): App\Controllers\Website\Order->placeCODOrder()
10 SYSTEMPATH/CodeIgniter.php(509): CodeIgniter\CodeIgniter->runController()
11 SYSTEMPATH/CodeIgniter.php(355): CodeIgniter\CodeIgniter->handleRequest()
12 SYSTEMPATH/Boot.php(334): CodeIgniter\CodeIgniter->run()
13 SYSTEMPATH/Boot.php(67): CodeIgniter\Boot::runCodeIgniter()
14 FCPATH/index.php(56): CodeIgniter\Boot::bootWeb()
CRITICAL - 2025-08-17 11:48:57 --> Razorpay\Api\Errors\BadRequestError: Authentication failed
[Method: POST, Route: createRazorpayOrder]
in VENDORPATH/razorpay/razorpay/src/Request.php on line 169.
 1 VENDORPATH/razorpay/razorpay/src/Request.php(129): Razorpay\Api\Request->processError()
 2 VENDORPATH/razorpay/razorpay/src/Request.php(78): Razorpay\Api\Request->checkErrors()
 3 VENDORPATH/razorpay/razorpay/src/Entity.php(93): Razorpay\Api\Request->request()
 4 VENDORPATH/razorpay/razorpay/src/Entity.php(20): Razorpay\Api\Entity->request()
 5 VENDORPATH/razorpay/razorpay/src/Order.php(18): Razorpay\Api\Entity->create()
 6 APPPATH/Controllers/Website/Order.php(1165): Razorpay\Api\Order->create()
 7 SYSTEMPATH/CodeIgniter.php(933): App\Controllers\Website\Order->createRazorpayOrder()
 8 SYSTEMPATH/CodeIgniter.php(509): CodeIgniter\CodeIgniter->runController()
 9 SYSTEMPATH/CodeIgniter.php(355): CodeIgniter\CodeIgniter->handleRequest()
10 SYSTEMPATH/Boot.php(334): CodeIgniter\CodeIgniter->run()
11 SYSTEMPATH/Boot.php(67): CodeIgniter\Boot::runCodeIgniter()
12 FCPATH/index.php(56): CodeIgniter\Boot::bootWeb()
CRITICAL - 2025-08-17 11:49:03 --> Razorpay\Api\Errors\BadRequestError: Authentication failed
[Method: POST, Route: createRazorpayOrder]
in VENDORPATH/razorpay/razorpay/src/Request.php on line 169.
 1 VENDORPATH/razorpay/razorpay/src/Request.php(129): Razorpay\Api\Request->processError()
 2 VENDORPATH/razorpay/razorpay/src/Request.php(78): Razorpay\Api\Request->checkErrors()
 3 VENDORPATH/razorpay/razorpay/src/Entity.php(93): Razorpay\Api\Request->request()
 4 VENDORPATH/razorpay/razorpay/src/Entity.php(20): Razorpay\Api\Entity->request()
 5 VENDORPATH/razorpay/razorpay/src/Order.php(18): Razorpay\Api\Entity->create()
 6 APPPATH/Controllers/Website/Order.php(1165): Razorpay\Api\Order->create()
 7 SYSTEMPATH/CodeIgniter.php(933): App\Controllers\Website\Order->createRazorpayOrder()
 8 SYSTEMPATH/CodeIgniter.php(509): CodeIgniter\CodeIgniter->runController()
 9 SYSTEMPATH/CodeIgniter.php(355): CodeIgniter\CodeIgniter->handleRequest()
10 SYSTEMPATH/Boot.php(334): CodeIgniter\CodeIgniter->run()
11 SYSTEMPATH/Boot.php(67): CodeIgniter\Boot::runCodeIgniter()
12 FCPATH/index.php(56): CodeIgniter\Boot::bootWeb()
