CRITICAL - 2025-08-18 10:07:31 --> DivisionByZeroError: Division by zero
[Method: POST, Route: api/v1/customer/fetchDealoftheProducts]
in APPPATH/Controllers/CustomerAppAPI.php on line 2292.
 1 SYSTEMPATH/CodeIgniter.php(933): App\Controllers\CustomerAppAPI->fetchDealoftheProducts()
 2 SYSTEMPATH/CodeIgniter.php(509): CodeIgniter\CodeIgniter->runController()
 3 SYSTEMPATH/CodeIgniter.php(355): CodeIgniter\CodeIgniter->handleRequest()
 4 SYSTEMPATH/Boot.php(334): CodeIgniter\CodeIgniter->run()
 5 SYSTEMPATH/Boot.php(67): CodeIgniter\Boot::runCodeIgniter()
 6 FCPATH/index.php(56): CodeIgniter\Boot::bootWeb()
CRITICAL - 2025-08-18 10:07:31 --> DivisionByZeroError: Division by zero
[Method: POST, Route: api/v1/customer/fetchDealoftheProducts]
in APPPATH/Controllers/CustomerAppAPI.php on line 2292.
 1 SYSTEMPATH/CodeIgniter.php(933): App\Controllers\CustomerAppAPI->fetchDealoftheProducts()
 2 SYSTEMPATH/CodeIgniter.php(509): CodeIgniter\CodeIgniter->runController()
 3 SYSTEMPATH/CodeIgniter.php(355): CodeIgniter\CodeIgniter->handleRequest()
 4 SYSTEMPATH/Boot.php(334): CodeIgniter\CodeIgniter->run()
 5 SYSTEMPATH/Boot.php(67): CodeIgniter\Boot::runCodeIgniter()
 6 FCPATH/index.php(56): CodeIgniter\Boot::bootWeb()
CRITICAL - 2025-08-18 10:07:32 --> DivisionByZeroError: Division by zero
[Method: POST, Route: api/v1/customer/fetchDealoftheProducts]
in APPPATH/Controllers/CustomerAppAPI.php on line 2292.
 1 SYSTEMPATH/CodeIgniter.php(933): App\Controllers\CustomerAppAPI->fetchDealoftheProducts()
 2 SYSTEMPATH/CodeIgniter.php(509): CodeIgniter\CodeIgniter->runController()
 3 SYSTEMPATH/CodeIgniter.php(355): CodeIgniter\CodeIgniter->handleRequest()
 4 SYSTEMPATH/Boot.php(334): CodeIgniter\CodeIgniter->run()
 5 SYSTEMPATH/Boot.php(67): CodeIgniter\Boot::runCodeIgniter()
 6 FCPATH/index.php(56): CodeIgniter\Boot::bootWeb()
CRITICAL - 2025-08-18 10:07:49 --> DivisionByZeroError: Division by zero
[Method: POST, Route: api/v1/customer/fetchDealoftheProducts]
in APPPATH/Controllers/CustomerAppAPI.php on line 2292.
 1 SYSTEMPATH/CodeIgniter.php(933): App\Controllers\CustomerAppAPI->fetchDealoftheProducts()
 2 SYSTEMPATH/CodeIgniter.php(509): CodeIgniter\CodeIgniter->runController()
 3 SYSTEMPATH/CodeIgniter.php(355): CodeIgniter\CodeIgniter->handleRequest()
 4 SYSTEMPATH/Boot.php(334): CodeIgniter\CodeIgniter->run()
 5 SYSTEMPATH/Boot.php(67): CodeIgniter\Boot::runCodeIgniter()
 6 FCPATH/index.php(56): CodeIgniter\Boot::bootWeb()
CRITICAL - 2025-08-18 10:10:36 --> DivisionByZeroError: Division by zero
[Method: POST, Route: api/v1/customer/fetchDealoftheProducts]
in APPPATH/Controllers/CustomerAppAPI.php on line 2292.
 1 SYSTEMPATH/CodeIgniter.php(933): App\Controllers\CustomerAppAPI->fetchDealoftheProducts()
 2 SYSTEMPATH/CodeIgniter.php(509): CodeIgniter\CodeIgniter->runController()
 3 SYSTEMPATH/CodeIgniter.php(355): CodeIgniter\CodeIgniter->handleRequest()
 4 SYSTEMPATH/Boot.php(334): CodeIgniter\CodeIgniter->run()
 5 SYSTEMPATH/Boot.php(67): CodeIgniter\Boot::runCodeIgniter()
 6 FCPATH/index.php(56): CodeIgniter\Boot::bootWeb()
CRITICAL - 2025-08-18 10:12:34 --> DivisionByZeroError: Division by zero
[Method: POST, Route: api/v1/customer/fetchDealoftheProducts]
in APPPATH/Controllers/CustomerAppAPI.php on line 2292.
 1 SYSTEMPATH/CodeIgniter.php(933): App\Controllers\CustomerAppAPI->fetchDealoftheProducts()
 2 SYSTEMPATH/CodeIgniter.php(509): CodeIgniter\CodeIgniter->runController()
 3 SYSTEMPATH/CodeIgniter.php(355): CodeIgniter\CodeIgniter->handleRequest()
 4 SYSTEMPATH/Boot.php(334): CodeIgniter\CodeIgniter->run()
 5 SYSTEMPATH/Boot.php(67): CodeIgniter\Boot::runCodeIgniter()
 6 FCPATH/index.php(56): CodeIgniter\Boot::bootWeb()
CRITICAL - 2025-08-18 10:13:52 --> DivisionByZeroError: Division by zero
[Method: POST, Route: api/v1/customer/fetchDealoftheProducts]
in APPPATH/Controllers/CustomerAppAPI.php on line 2292.
 1 SYSTEMPATH/CodeIgniter.php(933): App\Controllers\CustomerAppAPI->fetchDealoftheProducts()
 2 SYSTEMPATH/CodeIgniter.php(509): CodeIgniter\CodeIgniter->runController()
 3 SYSTEMPATH/CodeIgniter.php(355): CodeIgniter\CodeIgniter->handleRequest()
 4 SYSTEMPATH/Boot.php(334): CodeIgniter\CodeIgniter->run()
 5 SYSTEMPATH/Boot.php(67): CodeIgniter\Boot::runCodeIgniter()
 6 FCPATH/index.php(56): CodeIgniter\Boot::bootWeb()
CRITICAL - 2025-08-18 10:18:52 --> DivisionByZeroError: Division by zero
[Method: POST, Route: api/v1/customer/fetchDealoftheProducts]
in APPPATH/Controllers/CustomerAppAPI.php on line 2292.
 1 SYSTEMPATH/CodeIgniter.php(933): App\Controllers\CustomerAppAPI->fetchDealoftheProducts()
 2 SYSTEMPATH/CodeIgniter.php(509): CodeIgniter\CodeIgniter->runController()
 3 SYSTEMPATH/CodeIgniter.php(355): CodeIgniter\CodeIgniter->handleRequest()
 4 SYSTEMPATH/Boot.php(334): CodeIgniter\CodeIgniter->run()
 5 SYSTEMPATH/Boot.php(67): CodeIgniter\Boot::runCodeIgniter()
 6 FCPATH/index.php(56): CodeIgniter\Boot::bootWeb()
CRITICAL - 2025-08-18 10:27:42 --> DivisionByZeroError: Division by zero
[Method: POST, Route: api/v1/customer/fetchDealoftheProducts]
in APPPATH/Controllers/CustomerAppAPI.php on line 2292.
 1 SYSTEMPATH/CodeIgniter.php(933): App\Controllers\CustomerAppAPI->fetchDealoftheProducts()
 2 SYSTEMPATH/CodeIgniter.php(509): CodeIgniter\CodeIgniter->runController()
 3 SYSTEMPATH/CodeIgniter.php(355): CodeIgniter\CodeIgniter->handleRequest()
 4 SYSTEMPATH/Boot.php(334): CodeIgniter\CodeIgniter->run()
 5 SYSTEMPATH/Boot.php(67): CodeIgniter\Boot::runCodeIgniter()
 6 FCPATH/index.php(56): CodeIgniter\Boot::bootWeb()
CRITICAL - 2025-08-18 10:29:25 --> DivisionByZeroError: Division by zero
[Method: POST, Route: api/v1/customer/fetchDealoftheProducts]
in APPPATH/Controllers/CustomerAppAPI.php on line 2292.
 1 SYSTEMPATH/CodeIgniter.php(933): App\Controllers\CustomerAppAPI->fetchDealoftheProducts()
 2 SYSTEMPATH/CodeIgniter.php(509): CodeIgniter\CodeIgniter->runController()
 3 SYSTEMPATH/CodeIgniter.php(355): CodeIgniter\CodeIgniter->handleRequest()
 4 SYSTEMPATH/Boot.php(334): CodeIgniter\CodeIgniter->run()
 5 SYSTEMPATH/Boot.php(67): CodeIgniter\Boot::runCodeIgniter()
 6 FCPATH/index.php(56): CodeIgniter\Boot::bootWeb()
CRITICAL - 2025-08-18 10:56:33 --> DivisionByZeroError: Division by zero
[Method: POST, Route: api/v1/customer/fetchDealoftheProducts]
in APPPATH/Controllers/CustomerAppAPI.php on line 2292.
 1 SYSTEMPATH/CodeIgniter.php(933): App\Controllers\CustomerAppAPI->fetchDealoftheProducts()
 2 SYSTEMPATH/CodeIgniter.php(509): CodeIgniter\CodeIgniter->runController()
 3 SYSTEMPATH/CodeIgniter.php(355): CodeIgniter\CodeIgniter->handleRequest()
 4 SYSTEMPATH/Boot.php(334): CodeIgniter\CodeIgniter->run()
 5 SYSTEMPATH/Boot.php(67): CodeIgniter\Boot::runCodeIgniter()
 6 FCPATH/index.php(56): CodeIgniter\Boot::bootWeb()
CRITICAL - 2025-08-18 10:56:33 --> DivisionByZeroError: Division by zero
[Method: POST, Route: api/v1/customer/fetchDealoftheProducts]
in APPPATH/Controllers/CustomerAppAPI.php on line 2292.
 1 SYSTEMPATH/CodeIgniter.php(933): App\Controllers\CustomerAppAPI->fetchDealoftheProducts()
 2 SYSTEMPATH/CodeIgniter.php(509): CodeIgniter\CodeIgniter->runController()
 3 SYSTEMPATH/CodeIgniter.php(355): CodeIgniter\CodeIgniter->handleRequest()
 4 SYSTEMPATH/Boot.php(334): CodeIgniter\CodeIgniter->run()
 5 SYSTEMPATH/Boot.php(67): CodeIgniter\Boot::runCodeIgniter()
 6 FCPATH/index.php(56): CodeIgniter\Boot::bootWeb()
CRITICAL - 2025-08-18 10:56:33 --> DivisionByZeroError: Division by zero
[Method: POST, Route: api/v1/customer/fetchDealoftheProducts]
in APPPATH/Controllers/CustomerAppAPI.php on line 2292.
 1 SYSTEMPATH/CodeIgniter.php(933): App\Controllers\CustomerAppAPI->fetchDealoftheProducts()
 2 SYSTEMPATH/CodeIgniter.php(509): CodeIgniter\CodeIgniter->runController()
 3 SYSTEMPATH/CodeIgniter.php(355): CodeIgniter\CodeIgniter->handleRequest()
 4 SYSTEMPATH/Boot.php(334): CodeIgniter\CodeIgniter->run()
 5 SYSTEMPATH/Boot.php(67): CodeIgniter\Boot::runCodeIgniter()
 6 FCPATH/index.php(56): CodeIgniter\Boot::bootWeb()
CRITICAL - 2025-08-18 10:56:48 --> DivisionByZeroError: Division by zero
[Method: POST, Route: api/v1/customer/fetchDealoftheProducts]
in APPPATH/Controllers/CustomerAppAPI.php on line 2292.
 1 SYSTEMPATH/CodeIgniter.php(933): App\Controllers\CustomerAppAPI->fetchDealoftheProducts()
 2 SYSTEMPATH/CodeIgniter.php(509): CodeIgniter\CodeIgniter->runController()
 3 SYSTEMPATH/CodeIgniter.php(355): CodeIgniter\CodeIgniter->handleRequest()
 4 SYSTEMPATH/Boot.php(334): CodeIgniter\CodeIgniter->run()
 5 SYSTEMPATH/Boot.php(67): CodeIgniter\Boot::runCodeIgniter()
 6 FCPATH/index.php(56): CodeIgniter\Boot::bootWeb()
CRITICAL - 2025-08-18 10:56:59 --> DivisionByZeroError: Division by zero
[Method: POST, Route: api/v1/customer/fetchDealoftheProducts]
in APPPATH/Controllers/CustomerAppAPI.php on line 2292.
 1 SYSTEMPATH/CodeIgniter.php(933): App\Controllers\CustomerAppAPI->fetchDealoftheProducts()
 2 SYSTEMPATH/CodeIgniter.php(509): CodeIgniter\CodeIgniter->runController()
 3 SYSTEMPATH/CodeIgniter.php(355): CodeIgniter\CodeIgniter->handleRequest()
 4 SYSTEMPATH/Boot.php(334): CodeIgniter\CodeIgniter->run()
 5 SYSTEMPATH/Boot.php(67): CodeIgniter\Boot::runCodeIgniter()
 6 FCPATH/index.php(56): CodeIgniter\Boot::bootWeb()
CRITICAL - 2025-08-18 10:57:00 --> DivisionByZeroError: Division by zero
[Method: POST, Route: api/v1/customer/fetchDealoftheProducts]
in APPPATH/Controllers/CustomerAppAPI.php on line 2292.
 1 SYSTEMPATH/CodeIgniter.php(933): App\Controllers\CustomerAppAPI->fetchDealoftheProducts()
 2 SYSTEMPATH/CodeIgniter.php(509): CodeIgniter\CodeIgniter->runController()
 3 SYSTEMPATH/CodeIgniter.php(355): CodeIgniter\CodeIgniter->handleRequest()
 4 SYSTEMPATH/Boot.php(334): CodeIgniter\CodeIgniter->run()
 5 SYSTEMPATH/Boot.php(67): CodeIgniter\Boot::runCodeIgniter()
 6 FCPATH/index.php(56): CodeIgniter\Boot::bootWeb()
CRITICAL - 2025-08-18 10:57:00 --> DivisionByZeroError: Division by zero
[Method: POST, Route: api/v1/customer/fetchDealoftheProducts]
in APPPATH/Controllers/CustomerAppAPI.php on line 2292.
 1 SYSTEMPATH/CodeIgniter.php(933): App\Controllers\CustomerAppAPI->fetchDealoftheProducts()
 2 SYSTEMPATH/CodeIgniter.php(509): CodeIgniter\CodeIgniter->runController()
 3 SYSTEMPATH/CodeIgniter.php(355): CodeIgniter\CodeIgniter->handleRequest()
 4 SYSTEMPATH/Boot.php(334): CodeIgniter\CodeIgniter->run()
 5 SYSTEMPATH/Boot.php(67): CodeIgniter\Boot::runCodeIgniter()
 6 FCPATH/index.php(56): CodeIgniter\Boot::bootWeb()
CRITICAL - 2025-08-18 10:57:55 --> DivisionByZeroError: Division by zero
[Method: POST, Route: api/v1/customer/fetchDealoftheProducts]
in APPPATH/Controllers/CustomerAppAPI.php on line 2292.
 1 SYSTEMPATH/CodeIgniter.php(933): App\Controllers\CustomerAppAPI->fetchDealoftheProducts()
 2 SYSTEMPATH/CodeIgniter.php(509): CodeIgniter\CodeIgniter->runController()
 3 SYSTEMPATH/CodeIgniter.php(355): CodeIgniter\CodeIgniter->handleRequest()
 4 SYSTEMPATH/Boot.php(334): CodeIgniter\CodeIgniter->run()
 5 SYSTEMPATH/Boot.php(67): CodeIgniter\Boot::runCodeIgniter()
 6 FCPATH/index.php(56): CodeIgniter\Boot::bootWeb()
CRITICAL - 2025-08-18 10:57:55 --> DivisionByZeroError: Division by zero
[Method: POST, Route: api/v1/customer/fetchDealoftheProducts]
in APPPATH/Controllers/CustomerAppAPI.php on line 2292.
 1 SYSTEMPATH/CodeIgniter.php(933): App\Controllers\CustomerAppAPI->fetchDealoftheProducts()
 2 SYSTEMPATH/CodeIgniter.php(509): CodeIgniter\CodeIgniter->runController()
 3 SYSTEMPATH/CodeIgniter.php(355): CodeIgniter\CodeIgniter->handleRequest()
 4 SYSTEMPATH/Boot.php(334): CodeIgniter\CodeIgniter->run()
 5 SYSTEMPATH/Boot.php(67): CodeIgniter\Boot::runCodeIgniter()
 6 FCPATH/index.php(56): CodeIgniter\Boot::bootWeb()
CRITICAL - 2025-08-18 10:57:55 --> DivisionByZeroError: Division by zero
[Method: POST, Route: api/v1/customer/fetchDealoftheProducts]
in APPPATH/Controllers/CustomerAppAPI.php on line 2292.
 1 SYSTEMPATH/CodeIgniter.php(933): App\Controllers\CustomerAppAPI->fetchDealoftheProducts()
 2 SYSTEMPATH/CodeIgniter.php(509): CodeIgniter\CodeIgniter->runController()
 3 SYSTEMPATH/CodeIgniter.php(355): CodeIgniter\CodeIgniter->handleRequest()
 4 SYSTEMPATH/Boot.php(334): CodeIgniter\CodeIgniter->run()
 5 SYSTEMPATH/Boot.php(67): CodeIgniter\Boot::runCodeIgniter()
 6 FCPATH/index.php(56): CodeIgniter\Boot::bootWeb()
CRITICAL - 2025-08-18 11:03:26 --> DivisionByZeroError: Division by zero
[Method: POST, Route: api/v1/customer/fetchDealoftheProducts]
in APPPATH/Controllers/CustomerAppAPI.php on line 2292.
 1 SYSTEMPATH/CodeIgniter.php(933): App\Controllers\CustomerAppAPI->fetchDealoftheProducts()
 2 SYSTEMPATH/CodeIgniter.php(509): CodeIgniter\CodeIgniter->runController()
 3 SYSTEMPATH/CodeIgniter.php(355): CodeIgniter\CodeIgniter->handleRequest()
 4 SYSTEMPATH/Boot.php(334): CodeIgniter\CodeIgniter->run()
 5 SYSTEMPATH/Boot.php(67): CodeIgniter\Boot::runCodeIgniter()
 6 FCPATH/index.php(56): CodeIgniter\Boot::bootWeb()
CRITICAL - 2025-08-18 11:05:43 --> DivisionByZeroError: Division by zero
[Method: POST, Route: api/v1/customer/fetchDealoftheProducts]
in APPPATH/Controllers/CustomerAppAPI.php on line 2292.
 1 SYSTEMPATH/CodeIgniter.php(933): App\Controllers\CustomerAppAPI->fetchDealoftheProducts()
 2 SYSTEMPATH/CodeIgniter.php(509): CodeIgniter\CodeIgniter->runController()
 3 SYSTEMPATH/CodeIgniter.php(355): CodeIgniter\CodeIgniter->handleRequest()
 4 SYSTEMPATH/Boot.php(334): CodeIgniter\CodeIgniter->run()
 5 SYSTEMPATH/Boot.php(67): CodeIgniter\Boot::runCodeIgniter()
 6 FCPATH/index.php(56): CodeIgniter\Boot::bootWeb()
CRITICAL - 2025-08-18 11:05:43 --> DivisionByZeroError: Division by zero
[Method: POST, Route: api/v1/customer/fetchDealoftheProducts]
in APPPATH/Controllers/CustomerAppAPI.php on line 2292.
 1 SYSTEMPATH/CodeIgniter.php(933): App\Controllers\CustomerAppAPI->fetchDealoftheProducts()
 2 SYSTEMPATH/CodeIgniter.php(509): CodeIgniter\CodeIgniter->runController()
 3 SYSTEMPATH/CodeIgniter.php(355): CodeIgniter\CodeIgniter->handleRequest()
 4 SYSTEMPATH/Boot.php(334): CodeIgniter\CodeIgniter->run()
 5 SYSTEMPATH/Boot.php(67): CodeIgniter\Boot::runCodeIgniter()
 6 FCPATH/index.php(56): CodeIgniter\Boot::bootWeb()
CRITICAL - 2025-08-18 11:05:43 --> DivisionByZeroError: Division by zero
[Method: POST, Route: api/v1/customer/fetchDealoftheProducts]
in APPPATH/Controllers/CustomerAppAPI.php on line 2292.
 1 SYSTEMPATH/CodeIgniter.php(933): App\Controllers\CustomerAppAPI->fetchDealoftheProducts()
 2 SYSTEMPATH/CodeIgniter.php(509): CodeIgniter\CodeIgniter->runController()
 3 SYSTEMPATH/CodeIgniter.php(355): CodeIgniter\CodeIgniter->handleRequest()
 4 SYSTEMPATH/Boot.php(334): CodeIgniter\CodeIgniter->run()
 5 SYSTEMPATH/Boot.php(67): CodeIgniter\Boot::runCodeIgniter()
 6 FCPATH/index.php(56): CodeIgniter\Boot::bootWeb()
CRITICAL - 2025-08-18 11:06:50 --> DivisionByZeroError: Division by zero
[Method: POST, Route: api/v1/customer/fetchDealoftheProducts]
in APPPATH/Controllers/CustomerAppAPI.php on line 2292.
 1 SYSTEMPATH/CodeIgniter.php(933): App\Controllers\CustomerAppAPI->fetchDealoftheProducts()
 2 SYSTEMPATH/CodeIgniter.php(509): CodeIgniter\CodeIgniter->runController()
 3 SYSTEMPATH/CodeIgniter.php(355): CodeIgniter\CodeIgniter->handleRequest()
 4 SYSTEMPATH/Boot.php(334): CodeIgniter\CodeIgniter->run()
 5 SYSTEMPATH/Boot.php(67): CodeIgniter\Boot::runCodeIgniter()
 6 FCPATH/index.php(56): CodeIgniter\Boot::bootWeb()
CRITICAL - 2025-08-18 11:06:50 --> DivisionByZeroError: Division by zero
[Method: POST, Route: api/v1/customer/fetchDealoftheProducts]
in APPPATH/Controllers/CustomerAppAPI.php on line 2292.
 1 SYSTEMPATH/CodeIgniter.php(933): App\Controllers\CustomerAppAPI->fetchDealoftheProducts()
 2 SYSTEMPATH/CodeIgniter.php(509): CodeIgniter\CodeIgniter->runController()
 3 SYSTEMPATH/CodeIgniter.php(355): CodeIgniter\CodeIgniter->handleRequest()
 4 SYSTEMPATH/Boot.php(334): CodeIgniter\CodeIgniter->run()
 5 SYSTEMPATH/Boot.php(67): CodeIgniter\Boot::runCodeIgniter()
 6 FCPATH/index.php(56): CodeIgniter\Boot::bootWeb()
CRITICAL - 2025-08-18 11:06:51 --> DivisionByZeroError: Division by zero
[Method: POST, Route: api/v1/customer/fetchDealoftheProducts]
in APPPATH/Controllers/CustomerAppAPI.php on line 2292.
 1 SYSTEMPATH/CodeIgniter.php(933): App\Controllers\CustomerAppAPI->fetchDealoftheProducts()
 2 SYSTEMPATH/CodeIgniter.php(509): CodeIgniter\CodeIgniter->runController()
 3 SYSTEMPATH/CodeIgniter.php(355): CodeIgniter\CodeIgniter->handleRequest()
 4 SYSTEMPATH/Boot.php(334): CodeIgniter\CodeIgniter->run()
 5 SYSTEMPATH/Boot.php(67): CodeIgniter\Boot::runCodeIgniter()
 6 FCPATH/index.php(56): CodeIgniter\Boot::bootWeb()
CRITICAL - 2025-08-18 11:10:27 --> DivisionByZeroError: Division by zero
[Method: POST, Route: api/v1/customer/fetchDealoftheProducts]
in APPPATH/Controllers/CustomerAppAPI.php on line 2292.
 1 SYSTEMPATH/CodeIgniter.php(933): App\Controllers\CustomerAppAPI->fetchDealoftheProducts()
 2 SYSTEMPATH/CodeIgniter.php(509): CodeIgniter\CodeIgniter->runController()
 3 SYSTEMPATH/CodeIgniter.php(355): CodeIgniter\CodeIgniter->handleRequest()
 4 SYSTEMPATH/Boot.php(334): CodeIgniter\CodeIgniter->run()
 5 SYSTEMPATH/Boot.php(67): CodeIgniter\Boot::runCodeIgniter()
 6 FCPATH/index.php(56): CodeIgniter\Boot::bootWeb()
CRITICAL - 2025-08-18 11:16:06 --> DivisionByZeroError: Division by zero
[Method: POST, Route: api/v1/customer/fetchDealoftheProducts]
in APPPATH/Controllers/CustomerAppAPI.php on line 2292.
 1 SYSTEMPATH/CodeIgniter.php(933): App\Controllers\CustomerAppAPI->fetchDealoftheProducts()
 2 SYSTEMPATH/CodeIgniter.php(509): CodeIgniter\CodeIgniter->runController()
 3 SYSTEMPATH/CodeIgniter.php(355): CodeIgniter\CodeIgniter->handleRequest()
 4 SYSTEMPATH/Boot.php(334): CodeIgniter\CodeIgniter->run()
 5 SYSTEMPATH/Boot.php(67): CodeIgniter\Boot::runCodeIgniter()
 6 FCPATH/index.php(56): CodeIgniter\Boot::bootWeb()
CRITICAL - 2025-08-18 11:27:42 --> DivisionByZeroError: Division by zero
[Method: POST, Route: api/v1/customer/fetchDealoftheProducts]
in APPPATH/Controllers/CustomerAppAPI.php on line 2292.
 1 SYSTEMPATH/CodeIgniter.php(933): App\Controllers\CustomerAppAPI->fetchDealoftheProducts()
 2 SYSTEMPATH/CodeIgniter.php(509): CodeIgniter\CodeIgniter->runController()
 3 SYSTEMPATH/CodeIgniter.php(355): CodeIgniter\CodeIgniter->handleRequest()
 4 SYSTEMPATH/Boot.php(334): CodeIgniter\CodeIgniter->run()
 5 SYSTEMPATH/Boot.php(67): CodeIgniter\Boot::runCodeIgniter()
 6 FCPATH/index.php(56): CodeIgniter\Boot::bootWeb()
CRITICAL - 2025-08-18 11:27:43 --> DivisionByZeroError: Division by zero
[Method: POST, Route: api/v1/customer/fetchDealoftheProducts]
in APPPATH/Controllers/CustomerAppAPI.php on line 2292.
 1 SYSTEMPATH/CodeIgniter.php(933): App\Controllers\CustomerAppAPI->fetchDealoftheProducts()
 2 SYSTEMPATH/CodeIgniter.php(509): CodeIgniter\CodeIgniter->runController()
 3 SYSTEMPATH/CodeIgniter.php(355): CodeIgniter\CodeIgniter->handleRequest()
 4 SYSTEMPATH/Boot.php(334): CodeIgniter\CodeIgniter->run()
 5 SYSTEMPATH/Boot.php(67): CodeIgniter\Boot::runCodeIgniter()
 6 FCPATH/index.php(56): CodeIgniter\Boot::bootWeb()
CRITICAL - 2025-08-18 11:27:43 --> DivisionByZeroError: Division by zero
[Method: POST, Route: api/v1/customer/fetchDealoftheProducts]
in APPPATH/Controllers/CustomerAppAPI.php on line 2292.
 1 SYSTEMPATH/CodeIgniter.php(933): App\Controllers\CustomerAppAPI->fetchDealoftheProducts()
 2 SYSTEMPATH/CodeIgniter.php(509): CodeIgniter\CodeIgniter->runController()
 3 SYSTEMPATH/CodeIgniter.php(355): CodeIgniter\CodeIgniter->handleRequest()
 4 SYSTEMPATH/Boot.php(334): CodeIgniter\CodeIgniter->run()
 5 SYSTEMPATH/Boot.php(67): CodeIgniter\Boot::runCodeIgniter()
 6 FCPATH/index.php(56): CodeIgniter\Boot::bootWeb()
ERROR - 2025-08-18 11:33:22 --> mysqli_sql_exception: Unknown column 'coupon.coupon_type' in 'SELECT' in /home/u337588111/domains/blinkme.online/vendor/codeigniter4/framework/system/Database/MySQLi/Connection.php:312
Stack trace:
#0 /home/u337588111/domains/blinkme.online/vendor/codeigniter4/framework/system/Database/MySQLi/Connection.php(312): mysqli->query()
#1 /home/u337588111/domains/blinkme.online/vendor/codeigniter4/framework/system/Database/BaseConnection.php(734): CodeIgniter\Database\MySQLi\Connection->execute()
#2 /home/u337588111/domains/blinkme.online/vendor/codeigniter4/framework/system/Database/BaseConnection.php(648): CodeIgniter\Database\BaseConnection->simpleQuery()
#3 /home/u337588111/domains/blinkme.online/vendor/codeigniter4/framework/system/Database/BaseBuilder.php(1644): CodeIgniter\Database\BaseConnection->query()
#4 /home/u337588111/domains/blinkme.online/vendor/codeigniter4/framework/system/Model.php(330): CodeIgniter\Database\BaseBuilder->get()
#5 /home/u337588111/domains/blinkme.online/vendor/codeigniter4/framework/system/BaseModel.php(713): CodeIgniter\Model->doFirst()
#6 /home/u337588111/domains/blinkme.online/app/Controllers/CustomerAppAPI.php(3399): CodeIgniter\BaseModel->first()
#7 /home/u337588111/domains/blinkme.online/vendor/codeigniter4/framework/system/CodeIgniter.php(933): App\Controllers\CustomerAppAPI->fetchOrderDetails()
#8 /home/u337588111/domains/blinkme.online/vendor/codeigniter4/framework/system/CodeIgniter.php(509): CodeIgniter\CodeIgniter->runController()
#9 /home/u337588111/domains/blinkme.online/vendor/codeigniter4/framework/system/CodeIgniter.php(355): CodeIgniter\CodeIgniter->handleRequest()
#10 /home/u337588111/domains/blinkme.online/vendor/codeigniter4/framework/system/Boot.php(334): CodeIgniter\CodeIgniter->run()
#11 /home/u337588111/domains/blinkme.online/vendor/codeigniter4/framework/system/Boot.php(67): CodeIgniter\Boot::runCodeIgniter()
#12 /home/u337588111/domains/blinkme.online/public_html/index.php(56): CodeIgniter\Boot::bootWeb()
#13 {main}
CRITICAL - 2025-08-18 11:33:22 --> CodeIgniter\Database\Exceptions\DatabaseException: Unknown column 'coupon.coupon_type' in 'SELECT'
[Method: POST, Route: api/v1/customer/fetchOrderDetails]
in SYSTEMPATH/Database/BaseConnection.php on line 688.
 1 SYSTEMPATH/Database/BaseBuilder.php(1644): CodeIgniter\Database\BaseConnection->query()
 2 SYSTEMPATH/Model.php(330): CodeIgniter\Database\BaseBuilder->get()
 3 SYSTEMPATH/BaseModel.php(713): CodeIgniter\Model->doFirst()
 4 APPPATH/Controllers/CustomerAppAPI.php(3399): CodeIgniter\BaseModel->first()
 5 SYSTEMPATH/CodeIgniter.php(933): App\Controllers\CustomerAppAPI->fetchOrderDetails()
 6 SYSTEMPATH/CodeIgniter.php(509): CodeIgniter\CodeIgniter->runController()
 7 SYSTEMPATH/CodeIgniter.php(355): CodeIgniter\CodeIgniter->handleRequest()
 8 SYSTEMPATH/Boot.php(334): CodeIgniter\CodeIgniter->run()
 9 SYSTEMPATH/Boot.php(67): CodeIgniter\Boot::runCodeIgniter()
10 FCPATH/index.php(56): CodeIgniter\Boot::bootWeb()
CRITICAL - 2025-08-18 11:33:22 --> [Caused by] CodeIgniter\Database\Exceptions\DatabaseException: Unknown column 'coupon.coupon_type' in 'SELECT'
in SYSTEMPATH/Database/MySQLi/Connection.php on line 317.
 1 SYSTEMPATH/Database/BaseConnection.php(734): CodeIgniter\Database\MySQLi\Connection->execute()
 2 SYSTEMPATH/Database/BaseConnection.php(648): CodeIgniter\Database\BaseConnection->simpleQuery()
 3 SYSTEMPATH/Database/BaseBuilder.php(1644): CodeIgniter\Database\BaseConnection->query()
 4 SYSTEMPATH/Model.php(330): CodeIgniter\Database\BaseBuilder->get()
 5 SYSTEMPATH/BaseModel.php(713): CodeIgniter\Model->doFirst()
 6 APPPATH/Controllers/CustomerAppAPI.php(3399): CodeIgniter\BaseModel->first()
 7 SYSTEMPATH/CodeIgniter.php(933): App\Controllers\CustomerAppAPI->fetchOrderDetails()
 8 SYSTEMPATH/CodeIgniter.php(509): CodeIgniter\CodeIgniter->runController()
 9 SYSTEMPATH/CodeIgniter.php(355): CodeIgniter\CodeIgniter->handleRequest()
10 SYSTEMPATH/Boot.php(334): CodeIgniter\CodeIgniter->run()
11 SYSTEMPATH/Boot.php(67): CodeIgniter\Boot::runCodeIgniter()
12 FCPATH/index.php(56): CodeIgniter\Boot::bootWeb()
CRITICAL - 2025-08-18 11:33:22 --> [Caused by] mysqli_sql_exception: Unknown column 'coupon.coupon_type' in 'SELECT'
in SYSTEMPATH/Database/MySQLi/Connection.php on line 312.
 1 SYSTEMPATH/Database/MySQLi/Connection.php(312): mysqli->query()
 2 SYSTEMPATH/Database/BaseConnection.php(734): CodeIgniter\Database\MySQLi\Connection->execute()
 3 SYSTEMPATH/Database/BaseConnection.php(648): CodeIgniter\Database\BaseConnection->simpleQuery()
 4 SYSTEMPATH/Database/BaseBuilder.php(1644): CodeIgniter\Database\BaseConnection->query()
 5 SYSTEMPATH/Model.php(330): CodeIgniter\Database\BaseBuilder->get()
 6 SYSTEMPATH/BaseModel.php(713): CodeIgniter\Model->doFirst()
 7 APPPATH/Controllers/CustomerAppAPI.php(3399): CodeIgniter\BaseModel->first()
 8 SYSTEMPATH/CodeIgniter.php(933): App\Controllers\CustomerAppAPI->fetchOrderDetails()
 9 SYSTEMPATH/CodeIgniter.php(509): CodeIgniter\CodeIgniter->runController()
10 SYSTEMPATH/CodeIgniter.php(355): CodeIgniter\CodeIgniter->handleRequest()
11 SYSTEMPATH/Boot.php(334): CodeIgniter\CodeIgniter->run()
12 SYSTEMPATH/Boot.php(67): CodeIgniter\Boot::runCodeIgniter()
13 FCPATH/index.php(56): CodeIgniter\Boot::bootWeb()
CRITICAL - 2025-08-18 11:37:09 --> DivisionByZeroError: Division by zero
[Method: POST, Route: api/v1/customer/fetchDealoftheProducts]
in APPPATH/Controllers/CustomerAppAPI.php on line 2292.
 1 SYSTEMPATH/CodeIgniter.php(933): App\Controllers\CustomerAppAPI->fetchDealoftheProducts()
 2 SYSTEMPATH/CodeIgniter.php(509): CodeIgniter\CodeIgniter->runController()
 3 SYSTEMPATH/CodeIgniter.php(355): CodeIgniter\CodeIgniter->handleRequest()
 4 SYSTEMPATH/Boot.php(334): CodeIgniter\CodeIgniter->run()
 5 SYSTEMPATH/Boot.php(67): CodeIgniter\Boot::runCodeIgniter()
 6 FCPATH/index.php(56): CodeIgniter\Boot::bootWeb()
CRITICAL - 2025-08-18 11:37:09 --> DivisionByZeroError: Division by zero
[Method: POST, Route: api/v1/customer/fetchDealoftheProducts]
in APPPATH/Controllers/CustomerAppAPI.php on line 2292.
 1 SYSTEMPATH/CodeIgniter.php(933): App\Controllers\CustomerAppAPI->fetchDealoftheProducts()
 2 SYSTEMPATH/CodeIgniter.php(509): CodeIgniter\CodeIgniter->runController()
 3 SYSTEMPATH/CodeIgniter.php(355): CodeIgniter\CodeIgniter->handleRequest()
 4 SYSTEMPATH/Boot.php(334): CodeIgniter\CodeIgniter->run()
 5 SYSTEMPATH/Boot.php(67): CodeIgniter\Boot::runCodeIgniter()
 6 FCPATH/index.php(56): CodeIgniter\Boot::bootWeb()
CRITICAL - 2025-08-18 11:37:09 --> DivisionByZeroError: Division by zero
[Method: POST, Route: api/v1/customer/fetchDealoftheProducts]
in APPPATH/Controllers/CustomerAppAPI.php on line 2292.
 1 SYSTEMPATH/CodeIgniter.php(933): App\Controllers\CustomerAppAPI->fetchDealoftheProducts()
 2 SYSTEMPATH/CodeIgniter.php(509): CodeIgniter\CodeIgniter->runController()
 3 SYSTEMPATH/CodeIgniter.php(355): CodeIgniter\CodeIgniter->handleRequest()
 4 SYSTEMPATH/Boot.php(334): CodeIgniter\CodeIgniter->run()
 5 SYSTEMPATH/Boot.php(67): CodeIgniter\Boot::runCodeIgniter()
 6 FCPATH/index.php(56): CodeIgniter\Boot::bootWeb()
CRITICAL - 2025-08-18 11:40:15 --> DivisionByZeroError: Division by zero
[Method: POST, Route: api/v1/customer/fetchDealoftheProducts]
in APPPATH/Controllers/CustomerAppAPI.php on line 2292.
 1 SYSTEMPATH/CodeIgniter.php(933): App\Controllers\CustomerAppAPI->fetchDealoftheProducts()
 2 SYSTEMPATH/CodeIgniter.php(509): CodeIgniter\CodeIgniter->runController()
 3 SYSTEMPATH/CodeIgniter.php(355): CodeIgniter\CodeIgniter->handleRequest()
 4 SYSTEMPATH/Boot.php(334): CodeIgniter\CodeIgniter->run()
 5 SYSTEMPATH/Boot.php(67): CodeIgniter\Boot::runCodeIgniter()
 6 FCPATH/index.php(56): CodeIgniter\Boot::bootWeb()
CRITICAL - 2025-08-18 11:40:15 --> DivisionByZeroError: Division by zero
[Method: POST, Route: api/v1/customer/fetchDealoftheProducts]
in APPPATH/Controllers/CustomerAppAPI.php on line 2292.
 1 SYSTEMPATH/CodeIgniter.php(933): App\Controllers\CustomerAppAPI->fetchDealoftheProducts()
 2 SYSTEMPATH/CodeIgniter.php(509): CodeIgniter\CodeIgniter->runController()
 3 SYSTEMPATH/CodeIgniter.php(355): CodeIgniter\CodeIgniter->handleRequest()
 4 SYSTEMPATH/Boot.php(334): CodeIgniter\CodeIgniter->run()
 5 SYSTEMPATH/Boot.php(67): CodeIgniter\Boot::runCodeIgniter()
 6 FCPATH/index.php(56): CodeIgniter\Boot::bootWeb()
CRITICAL - 2025-08-18 11:40:15 --> DivisionByZeroError: Division by zero
[Method: POST, Route: api/v1/customer/fetchDealoftheProducts]
in APPPATH/Controllers/CustomerAppAPI.php on line 2292.
 1 SYSTEMPATH/CodeIgniter.php(933): App\Controllers\CustomerAppAPI->fetchDealoftheProducts()
 2 SYSTEMPATH/CodeIgniter.php(509): CodeIgniter\CodeIgniter->runController()
 3 SYSTEMPATH/CodeIgniter.php(355): CodeIgniter\CodeIgniter->handleRequest()
 4 SYSTEMPATH/Boot.php(334): CodeIgniter\CodeIgniter->run()
 5 SYSTEMPATH/Boot.php(67): CodeIgniter\Boot::runCodeIgniter()
 6 FCPATH/index.php(56): CodeIgniter\Boot::bootWeb()
CRITICAL - 2025-08-18 11:49:25 --> Error: Class "App\Controllers\CategoryGroupModel" not found
[Method: POST, Route: api/v1/customer/fetchGroupCategories]
in APPPATH/Controllers/CustomerAppAPI.php on line 9134.
 1 SYSTEMPATH/CodeIgniter.php(933): App\Controllers\CustomerAppAPI->fetchGroupCategories()
 2 SYSTEMPATH/CodeIgniter.php(509): CodeIgniter\CodeIgniter->runController()
 3 SYSTEMPATH/CodeIgniter.php(355): CodeIgniter\CodeIgniter->handleRequest()
 4 SYSTEMPATH/Boot.php(334): CodeIgniter\CodeIgniter->run()
 5 SYSTEMPATH/Boot.php(67): CodeIgniter\Boot::runCodeIgniter()
 6 FCPATH/index.php(56): CodeIgniter\Boot::bootWeb()
CRITICAL - 2025-08-18 11:49:25 --> DivisionByZeroError: Division by zero
[Method: POST, Route: api/v1/customer/fetchDealoftheProducts]
in APPPATH/Controllers/CustomerAppAPI.php on line 2292.
 1 SYSTEMPATH/CodeIgniter.php(933): App\Controllers\CustomerAppAPI->fetchDealoftheProducts()
 2 SYSTEMPATH/CodeIgniter.php(509): CodeIgniter\CodeIgniter->runController()
 3 SYSTEMPATH/CodeIgniter.php(355): CodeIgniter\CodeIgniter->handleRequest()
 4 SYSTEMPATH/Boot.php(334): CodeIgniter\CodeIgniter->run()
 5 SYSTEMPATH/Boot.php(67): CodeIgniter\Boot::runCodeIgniter()
 6 FCPATH/index.php(56): CodeIgniter\Boot::bootWeb()
CRITICAL - 2025-08-18 11:49:25 --> Error: Class "App\Controllers\HeaderCategoryModel" not found
[Method: POST, Route: api/v1/customer/fetchHeaderCategories]
in APPPATH/Controllers/CustomerAppAPI.php on line 9173.
 1 SYSTEMPATH/CodeIgniter.php(933): App\Controllers\CustomerAppAPI->fetchHeaderCategories()
 2 SYSTEMPATH/CodeIgniter.php(509): CodeIgniter\CodeIgniter->runController()
 3 SYSTEMPATH/CodeIgniter.php(355): CodeIgniter\CodeIgniter->handleRequest()
 4 SYSTEMPATH/Boot.php(334): CodeIgniter\CodeIgniter->run()
 5 SYSTEMPATH/Boot.php(67): CodeIgniter\Boot::runCodeIgniter()
 6 FCPATH/index.php(56): CodeIgniter\Boot::bootWeb()
CRITICAL - 2025-08-18 11:49:25 --> Error: Class "App\Controllers\CategoryGroupModel" not found
[Method: POST, Route: api/v1/customer/fetchGroupCategories]
in APPPATH/Controllers/CustomerAppAPI.php on line 9134.
 1 SYSTEMPATH/CodeIgniter.php(933): App\Controllers\CustomerAppAPI->fetchGroupCategories()
 2 SYSTEMPATH/CodeIgniter.php(509): CodeIgniter\CodeIgniter->runController()
 3 SYSTEMPATH/CodeIgniter.php(355): CodeIgniter\CodeIgniter->handleRequest()
 4 SYSTEMPATH/Boot.php(334): CodeIgniter\CodeIgniter->run()
 5 SYSTEMPATH/Boot.php(67): CodeIgniter\Boot::runCodeIgniter()
 6 FCPATH/index.php(56): CodeIgniter\Boot::bootWeb()
CRITICAL - 2025-08-18 11:49:25 --> DivisionByZeroError: Division by zero
[Method: POST, Route: api/v1/customer/fetchDealoftheProducts]
in APPPATH/Controllers/CustomerAppAPI.php on line 2292.
 1 SYSTEMPATH/CodeIgniter.php(933): App\Controllers\CustomerAppAPI->fetchDealoftheProducts()
 2 SYSTEMPATH/CodeIgniter.php(509): CodeIgniter\CodeIgniter->runController()
 3 SYSTEMPATH/CodeIgniter.php(355): CodeIgniter\CodeIgniter->handleRequest()
 4 SYSTEMPATH/Boot.php(334): CodeIgniter\CodeIgniter->run()
 5 SYSTEMPATH/Boot.php(67): CodeIgniter\Boot::runCodeIgniter()
 6 FCPATH/index.php(56): CodeIgniter\Boot::bootWeb()
CRITICAL - 2025-08-18 11:49:26 --> Error: Class "App\Controllers\HeaderCategoryModel" not found
[Method: POST, Route: api/v1/customer/fetchHeaderCategories]
in APPPATH/Controllers/CustomerAppAPI.php on line 9173.
 1 SYSTEMPATH/CodeIgniter.php(933): App\Controllers\CustomerAppAPI->fetchHeaderCategories()
 2 SYSTEMPATH/CodeIgniter.php(509): CodeIgniter\CodeIgniter->runController()
 3 SYSTEMPATH/CodeIgniter.php(355): CodeIgniter\CodeIgniter->handleRequest()
 4 SYSTEMPATH/Boot.php(334): CodeIgniter\CodeIgniter->run()
 5 SYSTEMPATH/Boot.php(67): CodeIgniter\Boot::runCodeIgniter()
 6 FCPATH/index.php(56): CodeIgniter\Boot::bootWeb()
CRITICAL - 2025-08-18 11:49:26 --> Error: Class "App\Controllers\CategoryGroupModel" not found
[Method: POST, Route: api/v1/customer/fetchGroupCategories]
in APPPATH/Controllers/CustomerAppAPI.php on line 9134.
 1 SYSTEMPATH/CodeIgniter.php(933): App\Controllers\CustomerAppAPI->fetchGroupCategories()
 2 SYSTEMPATH/CodeIgniter.php(509): CodeIgniter\CodeIgniter->runController()
 3 SYSTEMPATH/CodeIgniter.php(355): CodeIgniter\CodeIgniter->handleRequest()
 4 SYSTEMPATH/Boot.php(334): CodeIgniter\CodeIgniter->run()
 5 SYSTEMPATH/Boot.php(67): CodeIgniter\Boot::runCodeIgniter()
 6 FCPATH/index.php(56): CodeIgniter\Boot::bootWeb()
CRITICAL - 2025-08-18 11:49:26 --> DivisionByZeroError: Division by zero
[Method: POST, Route: api/v1/customer/fetchDealoftheProducts]
in APPPATH/Controllers/CustomerAppAPI.php on line 2292.
 1 SYSTEMPATH/CodeIgniter.php(933): App\Controllers\CustomerAppAPI->fetchDealoftheProducts()
 2 SYSTEMPATH/CodeIgniter.php(509): CodeIgniter\CodeIgniter->runController()
 3 SYSTEMPATH/CodeIgniter.php(355): CodeIgniter\CodeIgniter->handleRequest()
 4 SYSTEMPATH/Boot.php(334): CodeIgniter\CodeIgniter->run()
 5 SYSTEMPATH/Boot.php(67): CodeIgniter\Boot::runCodeIgniter()
 6 FCPATH/index.php(56): CodeIgniter\Boot::bootWeb()
CRITICAL - 2025-08-18 11:49:26 --> Error: Class "App\Controllers\HeaderCategoryModel" not found
[Method: POST, Route: api/v1/customer/fetchHeaderCategories]
in APPPATH/Controllers/CustomerAppAPI.php on line 9173.
 1 SYSTEMPATH/CodeIgniter.php(933): App\Controllers\CustomerAppAPI->fetchHeaderCategories()
 2 SYSTEMPATH/CodeIgniter.php(509): CodeIgniter\CodeIgniter->runController()
 3 SYSTEMPATH/CodeIgniter.php(355): CodeIgniter\CodeIgniter->handleRequest()
 4 SYSTEMPATH/Boot.php(334): CodeIgniter\CodeIgniter->run()
 5 SYSTEMPATH/Boot.php(67): CodeIgniter\Boot::runCodeIgniter()
 6 FCPATH/index.php(56): CodeIgniter\Boot::bootWeb()
CRITICAL - 2025-08-18 11:50:10 --> ErrorException: Undefined array key "coupon_type"
[Method: POST, Route: admin/coupon/list]
in APPPATH/Controllers/Admin/Coupon.php on line 68.
 1 APPPATH/Controllers/Admin/Coupon.php(68): CodeIgniter\Debug\Exceptions->errorHandler()
 2 SYSTEMPATH/CodeIgniter.php(933): App\Controllers\Admin\Coupon->list()
 3 SYSTEMPATH/CodeIgniter.php(509): CodeIgniter\CodeIgniter->runController()
 4 SYSTEMPATH/CodeIgniter.php(355): CodeIgniter\CodeIgniter->handleRequest()
 5 SYSTEMPATH/Boot.php(334): CodeIgniter\CodeIgniter->run()
 6 SYSTEMPATH/Boot.php(67): CodeIgniter\Boot::runCodeIgniter()
 7 FCPATH/index.php(56): CodeIgniter\Boot::bootWeb()
CRITICAL - 2025-08-18 11:50:48 --> Error: Class "App\Controllers\CategoryGroupModel" not found
[Method: POST, Route: api/v1/customer/fetchGroupCategories]
in APPPATH/Controllers/CustomerAppAPI.php on line 9134.
 1 SYSTEMPATH/CodeIgniter.php(933): App\Controllers\CustomerAppAPI->fetchGroupCategories()
 2 SYSTEMPATH/CodeIgniter.php(509): CodeIgniter\CodeIgniter->runController()
 3 SYSTEMPATH/CodeIgniter.php(355): CodeIgniter\CodeIgniter->handleRequest()
 4 SYSTEMPATH/Boot.php(334): CodeIgniter\CodeIgniter->run()
 5 SYSTEMPATH/Boot.php(67): CodeIgniter\Boot::runCodeIgniter()
 6 FCPATH/index.php(56): CodeIgniter\Boot::bootWeb()
CRITICAL - 2025-08-18 11:50:48 --> DivisionByZeroError: Division by zero
[Method: POST, Route: api/v1/customer/fetchDealoftheProducts]
in APPPATH/Controllers/CustomerAppAPI.php on line 2292.
 1 SYSTEMPATH/CodeIgniter.php(933): App\Controllers\CustomerAppAPI->fetchDealoftheProducts()
 2 SYSTEMPATH/CodeIgniter.php(509): CodeIgniter\CodeIgniter->runController()
 3 SYSTEMPATH/CodeIgniter.php(355): CodeIgniter\CodeIgniter->handleRequest()
 4 SYSTEMPATH/Boot.php(334): CodeIgniter\CodeIgniter->run()
 5 SYSTEMPATH/Boot.php(67): CodeIgniter\Boot::runCodeIgniter()
 6 FCPATH/index.php(56): CodeIgniter\Boot::bootWeb()
CRITICAL - 2025-08-18 11:50:49 --> Error: Class "App\Controllers\HeaderCategoryModel" not found
[Method: POST, Route: api/v1/customer/fetchHeaderCategories]
in APPPATH/Controllers/CustomerAppAPI.php on line 9173.
 1 SYSTEMPATH/CodeIgniter.php(933): App\Controllers\CustomerAppAPI->fetchHeaderCategories()
 2 SYSTEMPATH/CodeIgniter.php(509): CodeIgniter\CodeIgniter->runController()
 3 SYSTEMPATH/CodeIgniter.php(355): CodeIgniter\CodeIgniter->handleRequest()
 4 SYSTEMPATH/Boot.php(334): CodeIgniter\CodeIgniter->run()
 5 SYSTEMPATH/Boot.php(67): CodeIgniter\Boot::runCodeIgniter()
 6 FCPATH/index.php(56): CodeIgniter\Boot::bootWeb()
CRITICAL - 2025-08-18 11:50:49 --> Error: Class "App\Controllers\CategoryGroupModel" not found
[Method: POST, Route: api/v1/customer/fetchGroupCategories]
in APPPATH/Controllers/CustomerAppAPI.php on line 9134.
 1 SYSTEMPATH/CodeIgniter.php(933): App\Controllers\CustomerAppAPI->fetchGroupCategories()
 2 SYSTEMPATH/CodeIgniter.php(509): CodeIgniter\CodeIgniter->runController()
 3 SYSTEMPATH/CodeIgniter.php(355): CodeIgniter\CodeIgniter->handleRequest()
 4 SYSTEMPATH/Boot.php(334): CodeIgniter\CodeIgniter->run()
 5 SYSTEMPATH/Boot.php(67): CodeIgniter\Boot::runCodeIgniter()
 6 FCPATH/index.php(56): CodeIgniter\Boot::bootWeb()
CRITICAL - 2025-08-18 11:50:49 --> DivisionByZeroError: Division by zero
[Method: POST, Route: api/v1/customer/fetchDealoftheProducts]
in APPPATH/Controllers/CustomerAppAPI.php on line 2292.
 1 SYSTEMPATH/CodeIgniter.php(933): App\Controllers\CustomerAppAPI->fetchDealoftheProducts()
 2 SYSTEMPATH/CodeIgniter.php(509): CodeIgniter\CodeIgniter->runController()
 3 SYSTEMPATH/CodeIgniter.php(355): CodeIgniter\CodeIgniter->handleRequest()
 4 SYSTEMPATH/Boot.php(334): CodeIgniter\CodeIgniter->run()
 5 SYSTEMPATH/Boot.php(67): CodeIgniter\Boot::runCodeIgniter()
 6 FCPATH/index.php(56): CodeIgniter\Boot::bootWeb()
CRITICAL - 2025-08-18 11:50:49 --> Error: Class "App\Controllers\HeaderCategoryModel" not found
[Method: POST, Route: api/v1/customer/fetchHeaderCategories]
in APPPATH/Controllers/CustomerAppAPI.php on line 9173.
 1 SYSTEMPATH/CodeIgniter.php(933): App\Controllers\CustomerAppAPI->fetchHeaderCategories()
 2 SYSTEMPATH/CodeIgniter.php(509): CodeIgniter\CodeIgniter->runController()
 3 SYSTEMPATH/CodeIgniter.php(355): CodeIgniter\CodeIgniter->handleRequest()
 4 SYSTEMPATH/Boot.php(334): CodeIgniter\CodeIgniter->run()
 5 SYSTEMPATH/Boot.php(67): CodeIgniter\Boot::runCodeIgniter()
 6 FCPATH/index.php(56): CodeIgniter\Boot::bootWeb()
CRITICAL - 2025-08-18 11:50:49 --> Error: Class "App\Controllers\CategoryGroupModel" not found
[Method: POST, Route: api/v1/customer/fetchGroupCategories]
in APPPATH/Controllers/CustomerAppAPI.php on line 9134.
 1 SYSTEMPATH/CodeIgniter.php(933): App\Controllers\CustomerAppAPI->fetchGroupCategories()
 2 SYSTEMPATH/CodeIgniter.php(509): CodeIgniter\CodeIgniter->runController()
 3 SYSTEMPATH/CodeIgniter.php(355): CodeIgniter\CodeIgniter->handleRequest()
 4 SYSTEMPATH/Boot.php(334): CodeIgniter\CodeIgniter->run()
 5 SYSTEMPATH/Boot.php(67): CodeIgniter\Boot::runCodeIgniter()
 6 FCPATH/index.php(56): CodeIgniter\Boot::bootWeb()
CRITICAL - 2025-08-18 11:50:49 --> DivisionByZeroError: Division by zero
[Method: POST, Route: api/v1/customer/fetchDealoftheProducts]
in APPPATH/Controllers/CustomerAppAPI.php on line 2292.
 1 SYSTEMPATH/CodeIgniter.php(933): App\Controllers\CustomerAppAPI->fetchDealoftheProducts()
 2 SYSTEMPATH/CodeIgniter.php(509): CodeIgniter\CodeIgniter->runController()
 3 SYSTEMPATH/CodeIgniter.php(355): CodeIgniter\CodeIgniter->handleRequest()
 4 SYSTEMPATH/Boot.php(334): CodeIgniter\CodeIgniter->run()
 5 SYSTEMPATH/Boot.php(67): CodeIgniter\Boot::runCodeIgniter()
 6 FCPATH/index.php(56): CodeIgniter\Boot::bootWeb()
CRITICAL - 2025-08-18 11:50:49 --> Error: Class "App\Controllers\HeaderCategoryModel" not found
[Method: POST, Route: api/v1/customer/fetchHeaderCategories]
in APPPATH/Controllers/CustomerAppAPI.php on line 9173.
 1 SYSTEMPATH/CodeIgniter.php(933): App\Controllers\CustomerAppAPI->fetchHeaderCategories()
 2 SYSTEMPATH/CodeIgniter.php(509): CodeIgniter\CodeIgniter->runController()
 3 SYSTEMPATH/CodeIgniter.php(355): CodeIgniter\CodeIgniter->handleRequest()
 4 SYSTEMPATH/Boot.php(334): CodeIgniter\CodeIgniter->run()
 5 SYSTEMPATH/Boot.php(67): CodeIgniter\Boot::runCodeIgniter()
 6 FCPATH/index.php(56): CodeIgniter\Boot::bootWeb()
CRITICAL - 2025-08-18 11:55:28 --> Error: Class "App\Controllers\CategoryGroupModel" not found
[Method: POST, Route: api/v1/customer/fetchGroupCategories]
in APPPATH/Controllers/CustomerAppAPI.php on line 9134.
 1 SYSTEMPATH/CodeIgniter.php(933): App\Controllers\CustomerAppAPI->fetchGroupCategories()
 2 SYSTEMPATH/CodeIgniter.php(509): CodeIgniter\CodeIgniter->runController()
 3 SYSTEMPATH/CodeIgniter.php(355): CodeIgniter\CodeIgniter->handleRequest()
 4 SYSTEMPATH/Boot.php(334): CodeIgniter\CodeIgniter->run()
 5 SYSTEMPATH/Boot.php(67): CodeIgniter\Boot::runCodeIgniter()
 6 FCPATH/index.php(56): CodeIgniter\Boot::bootWeb()
CRITICAL - 2025-08-18 11:55:28 --> DivisionByZeroError: Division by zero
[Method: POST, Route: api/v1/customer/fetchDealoftheProducts]
in APPPATH/Controllers/CustomerAppAPI.php on line 2292.
 1 SYSTEMPATH/CodeIgniter.php(933): App\Controllers\CustomerAppAPI->fetchDealoftheProducts()
 2 SYSTEMPATH/CodeIgniter.php(509): CodeIgniter\CodeIgniter->runController()
 3 SYSTEMPATH/CodeIgniter.php(355): CodeIgniter\CodeIgniter->handleRequest()
 4 SYSTEMPATH/Boot.php(334): CodeIgniter\CodeIgniter->run()
 5 SYSTEMPATH/Boot.php(67): CodeIgniter\Boot::runCodeIgniter()
 6 FCPATH/index.php(56): CodeIgniter\Boot::bootWeb()
CRITICAL - 2025-08-18 11:55:28 --> Error: Class "App\Controllers\HeaderCategoryModel" not found
[Method: POST, Route: api/v1/customer/fetchHeaderCategories]
in APPPATH/Controllers/CustomerAppAPI.php on line 9173.
 1 SYSTEMPATH/CodeIgniter.php(933): App\Controllers\CustomerAppAPI->fetchHeaderCategories()
 2 SYSTEMPATH/CodeIgniter.php(509): CodeIgniter\CodeIgniter->runController()
 3 SYSTEMPATH/CodeIgniter.php(355): CodeIgniter\CodeIgniter->handleRequest()
 4 SYSTEMPATH/Boot.php(334): CodeIgniter\CodeIgniter->run()
 5 SYSTEMPATH/Boot.php(67): CodeIgniter\Boot::runCodeIgniter()
 6 FCPATH/index.php(56): CodeIgniter\Boot::bootWeb()
CRITICAL - 2025-08-18 11:59:53 --> DivisionByZeroError: Division by zero
[Method: POST, Route: api/v1/customer/fetchDealoftheProducts]
in APPPATH/Controllers/CustomerAppAPI.php on line 2294.
 1 SYSTEMPATH/CodeIgniter.php(933): App\Controllers\CustomerAppAPI->fetchDealoftheProducts()
 2 SYSTEMPATH/CodeIgniter.php(509): CodeIgniter\CodeIgniter->runController()
 3 SYSTEMPATH/CodeIgniter.php(355): CodeIgniter\CodeIgniter->handleRequest()
 4 SYSTEMPATH/Boot.php(334): CodeIgniter\CodeIgniter->run()
 5 SYSTEMPATH/Boot.php(67): CodeIgniter\Boot::runCodeIgniter()
 6 FCPATH/index.php(56): CodeIgniter\Boot::bootWeb()
CRITICAL - 2025-08-18 12:01:09 --> DivisionByZeroError: Division by zero
[Method: POST, Route: api/v1/customer/fetchDealoftheProducts]
in APPPATH/Controllers/CustomerAppAPI.php on line 2294.
 1 SYSTEMPATH/CodeIgniter.php(933): App\Controllers\CustomerAppAPI->fetchDealoftheProducts()
 2 SYSTEMPATH/CodeIgniter.php(509): CodeIgniter\CodeIgniter->runController()
 3 SYSTEMPATH/CodeIgniter.php(355): CodeIgniter\CodeIgniter->handleRequest()
 4 SYSTEMPATH/Boot.php(334): CodeIgniter\CodeIgniter->run()
 5 SYSTEMPATH/Boot.php(67): CodeIgniter\Boot::runCodeIgniter()
 6 FCPATH/index.php(56): CodeIgniter\Boot::bootWeb()
CRITICAL - 2025-08-18 12:01:09 --> DivisionByZeroError: Division by zero
[Method: POST, Route: api/v1/customer/fetchDealoftheProducts]
in APPPATH/Controllers/CustomerAppAPI.php on line 2294.
 1 SYSTEMPATH/CodeIgniter.php(933): App\Controllers\CustomerAppAPI->fetchDealoftheProducts()
 2 SYSTEMPATH/CodeIgniter.php(509): CodeIgniter\CodeIgniter->runController()
 3 SYSTEMPATH/CodeIgniter.php(355): CodeIgniter\CodeIgniter->handleRequest()
 4 SYSTEMPATH/Boot.php(334): CodeIgniter\CodeIgniter->run()
 5 SYSTEMPATH/Boot.php(67): CodeIgniter\Boot::runCodeIgniter()
 6 FCPATH/index.php(56): CodeIgniter\Boot::bootWeb()
CRITICAL - 2025-08-18 12:01:09 --> DivisionByZeroError: Division by zero
[Method: POST, Route: api/v1/customer/fetchDealoftheProducts]
in APPPATH/Controllers/CustomerAppAPI.php on line 2294.
 1 SYSTEMPATH/CodeIgniter.php(933): App\Controllers\CustomerAppAPI->fetchDealoftheProducts()
 2 SYSTEMPATH/CodeIgniter.php(509): CodeIgniter\CodeIgniter->runController()
 3 SYSTEMPATH/CodeIgniter.php(355): CodeIgniter\CodeIgniter->handleRequest()
 4 SYSTEMPATH/Boot.php(334): CodeIgniter\CodeIgniter->run()
 5 SYSTEMPATH/Boot.php(67): CodeIgniter\Boot::runCodeIgniter()
 6 FCPATH/index.php(56): CodeIgniter\Boot::bootWeb()
CRITICAL - 2025-08-18 12:03:20 --> DivisionByZeroError: Division by zero
[Method: POST, Route: api/v1/customer/fetchDealoftheProducts]
in APPPATH/Controllers/CustomerAppAPI.php on line 2294.
 1 SYSTEMPATH/CodeIgniter.php(933): App\Controllers\CustomerAppAPI->fetchDealoftheProducts()
 2 SYSTEMPATH/CodeIgniter.php(509): CodeIgniter\CodeIgniter->runController()
 3 SYSTEMPATH/CodeIgniter.php(355): CodeIgniter\CodeIgniter->handleRequest()
 4 SYSTEMPATH/Boot.php(334): CodeIgniter\CodeIgniter->run()
 5 SYSTEMPATH/Boot.php(67): CodeIgniter\Boot::runCodeIgniter()
 6 FCPATH/index.php(56): CodeIgniter\Boot::bootWeb()
CRITICAL - 2025-08-18 13:24:55 --> DivisionByZeroError: Division by zero
[Method: POST, Route: api/v1/customer/fetchDealoftheProducts]
in APPPATH/Controllers/CustomerAppAPI.php on line 2294.
 1 SYSTEMPATH/CodeIgniter.php(933): App\Controllers\CustomerAppAPI->fetchDealoftheProducts()
 2 SYSTEMPATH/CodeIgniter.php(509): CodeIgniter\CodeIgniter->runController()
 3 SYSTEMPATH/CodeIgniter.php(355): CodeIgniter\CodeIgniter->handleRequest()
 4 SYSTEMPATH/Boot.php(334): CodeIgniter\CodeIgniter->run()
 5 SYSTEMPATH/Boot.php(67): CodeIgniter\Boot::runCodeIgniter()
 6 FCPATH/index.php(56): CodeIgniter\Boot::bootWeb()
CRITICAL - 2025-08-18 13:24:55 --> DivisionByZeroError: Division by zero
[Method: POST, Route: api/v1/customer/fetchDealoftheProducts]
in APPPATH/Controllers/CustomerAppAPI.php on line 2294.
 1 SYSTEMPATH/CodeIgniter.php(933): App\Controllers\CustomerAppAPI->fetchDealoftheProducts()
 2 SYSTEMPATH/CodeIgniter.php(509): CodeIgniter\CodeIgniter->runController()
 3 SYSTEMPATH/CodeIgniter.php(355): CodeIgniter\CodeIgniter->handleRequest()
 4 SYSTEMPATH/Boot.php(334): CodeIgniter\CodeIgniter->run()
 5 SYSTEMPATH/Boot.php(67): CodeIgniter\Boot::runCodeIgniter()
 6 FCPATH/index.php(56): CodeIgniter\Boot::bootWeb()
CRITICAL - 2025-08-18 13:24:55 --> DivisionByZeroError: Division by zero
[Method: POST, Route: api/v1/customer/fetchDealoftheProducts]
in APPPATH/Controllers/CustomerAppAPI.php on line 2294.
 1 SYSTEMPATH/CodeIgniter.php(933): App\Controllers\CustomerAppAPI->fetchDealoftheProducts()
 2 SYSTEMPATH/CodeIgniter.php(509): CodeIgniter\CodeIgniter->runController()
 3 SYSTEMPATH/CodeIgniter.php(355): CodeIgniter\CodeIgniter->handleRequest()
 4 SYSTEMPATH/Boot.php(334): CodeIgniter\CodeIgniter->run()
 5 SYSTEMPATH/Boot.php(67): CodeIgniter\Boot::runCodeIgniter()
 6 FCPATH/index.php(56): CodeIgniter\Boot::bootWeb()
CRITICAL - 2025-08-18 13:25:02 --> DivisionByZeroError: Division by zero
[Method: POST, Route: api/v1/customer/fetchDealoftheProducts]
in APPPATH/Controllers/CustomerAppAPI.php on line 2294.
 1 SYSTEMPATH/CodeIgniter.php(933): App\Controllers\CustomerAppAPI->fetchDealoftheProducts()
 2 SYSTEMPATH/CodeIgniter.php(509): CodeIgniter\CodeIgniter->runController()
 3 SYSTEMPATH/CodeIgniter.php(355): CodeIgniter\CodeIgniter->handleRequest()
 4 SYSTEMPATH/Boot.php(334): CodeIgniter\CodeIgniter->run()
 5 SYSTEMPATH/Boot.php(67): CodeIgniter\Boot::runCodeIgniter()
 6 FCPATH/index.php(56): CodeIgniter\Boot::bootWeb()
CRITICAL - 2025-08-18 13:25:03 --> DivisionByZeroError: Division by zero
[Method: POST, Route: api/v1/customer/fetchDealoftheProducts]
in APPPATH/Controllers/CustomerAppAPI.php on line 2294.
 1 SYSTEMPATH/CodeIgniter.php(933): App\Controllers\CustomerAppAPI->fetchDealoftheProducts()
 2 SYSTEMPATH/CodeIgniter.php(509): CodeIgniter\CodeIgniter->runController()
 3 SYSTEMPATH/CodeIgniter.php(355): CodeIgniter\CodeIgniter->handleRequest()
 4 SYSTEMPATH/Boot.php(334): CodeIgniter\CodeIgniter->run()
 5 SYSTEMPATH/Boot.php(67): CodeIgniter\Boot::runCodeIgniter()
 6 FCPATH/index.php(56): CodeIgniter\Boot::bootWeb()
CRITICAL - 2025-08-18 13:25:03 --> DivisionByZeroError: Division by zero
[Method: POST, Route: api/v1/customer/fetchDealoftheProducts]
in APPPATH/Controllers/CustomerAppAPI.php on line 2294.
 1 SYSTEMPATH/CodeIgniter.php(933): App\Controllers\CustomerAppAPI->fetchDealoftheProducts()
 2 SYSTEMPATH/CodeIgniter.php(509): CodeIgniter\CodeIgniter->runController()
 3 SYSTEMPATH/CodeIgniter.php(355): CodeIgniter\CodeIgniter->handleRequest()
 4 SYSTEMPATH/Boot.php(334): CodeIgniter\CodeIgniter->run()
 5 SYSTEMPATH/Boot.php(67): CodeIgniter\Boot::runCodeIgniter()
 6 FCPATH/index.php(56): CodeIgniter\Boot::bootWeb()
CRITICAL - 2025-08-18 13:37:45 --> DivisionByZeroError: Division by zero
[Method: POST, Route: api/v1/customer/fetchDealoftheProducts]
in APPPATH/Controllers/CustomerAppAPI.php on line 2295.
 1 SYSTEMPATH/CodeIgniter.php(933): App\Controllers\CustomerAppAPI->fetchDealoftheProducts()
 2 SYSTEMPATH/CodeIgniter.php(509): CodeIgniter\CodeIgniter->runController()
 3 SYSTEMPATH/CodeIgniter.php(355): CodeIgniter\CodeIgniter->handleRequest()
 4 SYSTEMPATH/Boot.php(334): CodeIgniter\CodeIgniter->run()
 5 SYSTEMPATH/Boot.php(67): CodeIgniter\Boot::runCodeIgniter()
 6 FCPATH/index.php(56): CodeIgniter\Boot::bootWeb()
CRITICAL - 2025-08-18 13:37:45 --> DivisionByZeroError: Division by zero
[Method: POST, Route: api/v1/customer/fetchDealoftheProducts]
in APPPATH/Controllers/CustomerAppAPI.php on line 2295.
 1 SYSTEMPATH/CodeIgniter.php(933): App\Controllers\CustomerAppAPI->fetchDealoftheProducts()
 2 SYSTEMPATH/CodeIgniter.php(509): CodeIgniter\CodeIgniter->runController()
 3 SYSTEMPATH/CodeIgniter.php(355): CodeIgniter\CodeIgniter->handleRequest()
 4 SYSTEMPATH/Boot.php(334): CodeIgniter\CodeIgniter->run()
 5 SYSTEMPATH/Boot.php(67): CodeIgniter\Boot::runCodeIgniter()
 6 FCPATH/index.php(56): CodeIgniter\Boot::bootWeb()
CRITICAL - 2025-08-18 13:37:45 --> DivisionByZeroError: Division by zero
[Method: POST, Route: api/v1/customer/fetchDealoftheProducts]
in APPPATH/Controllers/CustomerAppAPI.php on line 2295.
 1 SYSTEMPATH/CodeIgniter.php(933): App\Controllers\CustomerAppAPI->fetchDealoftheProducts()
 2 SYSTEMPATH/CodeIgniter.php(509): CodeIgniter\CodeIgniter->runController()
 3 SYSTEMPATH/CodeIgniter.php(355): CodeIgniter\CodeIgniter->handleRequest()
 4 SYSTEMPATH/Boot.php(334): CodeIgniter\CodeIgniter->run()
 5 SYSTEMPATH/Boot.php(67): CodeIgniter\Boot::runCodeIgniter()
 6 FCPATH/index.php(56): CodeIgniter\Boot::bootWeb()
CRITICAL - 2025-08-18 13:55:29 --> DivisionByZeroError: Division by zero
[Method: POST, Route: api/v1/customer/fetchDealoftheProducts]
in APPPATH/Controllers/CustomerAppAPI.php on line 2295.
 1 SYSTEMPATH/CodeIgniter.php(933): App\Controllers\CustomerAppAPI->fetchDealoftheProducts()
 2 SYSTEMPATH/CodeIgniter.php(509): CodeIgniter\CodeIgniter->runController()
 3 SYSTEMPATH/CodeIgniter.php(355): CodeIgniter\CodeIgniter->handleRequest()
 4 SYSTEMPATH/Boot.php(334): CodeIgniter\CodeIgniter->run()
 5 SYSTEMPATH/Boot.php(67): CodeIgniter\Boot::runCodeIgniter()
 6 FCPATH/index.php(56): CodeIgniter\Boot::bootWeb()
CRITICAL - 2025-08-18 13:56:48 --> DivisionByZeroError: Division by zero
[Method: POST, Route: api/v1/customer/fetchDealoftheProducts]
in APPPATH/Controllers/CustomerAppAPI.php on line 2295.
 1 SYSTEMPATH/CodeIgniter.php(933): App\Controllers\CustomerAppAPI->fetchDealoftheProducts()
 2 SYSTEMPATH/CodeIgniter.php(509): CodeIgniter\CodeIgniter->runController()
 3 SYSTEMPATH/CodeIgniter.php(355): CodeIgniter\CodeIgniter->handleRequest()
 4 SYSTEMPATH/Boot.php(334): CodeIgniter\CodeIgniter->run()
 5 SYSTEMPATH/Boot.php(67): CodeIgniter\Boot::runCodeIgniter()
 6 FCPATH/index.php(56): CodeIgniter\Boot::bootWeb()
CRITICAL - 2025-08-18 14:20:11 --> DivisionByZeroError: Division by zero
[Method: POST, Route: api/v1/customer/fetchDealoftheProducts]
in APPPATH/Controllers/CustomerAppAPI.php on line 2295.
 1 SYSTEMPATH/CodeIgniter.php(933): App\Controllers\CustomerAppAPI->fetchDealoftheProducts()
 2 SYSTEMPATH/CodeIgniter.php(509): CodeIgniter\CodeIgniter->runController()
 3 SYSTEMPATH/CodeIgniter.php(355): CodeIgniter\CodeIgniter->handleRequest()
 4 SYSTEMPATH/Boot.php(334): CodeIgniter\CodeIgniter->run()
 5 SYSTEMPATH/Boot.php(67): CodeIgniter\Boot::runCodeIgniter()
 6 FCPATH/index.php(56): CodeIgniter\Boot::bootWeb()
CRITICAL - 2025-08-18 14:20:11 --> DivisionByZeroError: Division by zero
[Method: POST, Route: api/v1/customer/fetchDealoftheProducts]
in APPPATH/Controllers/CustomerAppAPI.php on line 2295.
 1 SYSTEMPATH/CodeIgniter.php(933): App\Controllers\CustomerAppAPI->fetchDealoftheProducts()
 2 SYSTEMPATH/CodeIgniter.php(509): CodeIgniter\CodeIgniter->runController()
 3 SYSTEMPATH/CodeIgniter.php(355): CodeIgniter\CodeIgniter->handleRequest()
 4 SYSTEMPATH/Boot.php(334): CodeIgniter\CodeIgniter->run()
 5 SYSTEMPATH/Boot.php(67): CodeIgniter\Boot::runCodeIgniter()
 6 FCPATH/index.php(56): CodeIgniter\Boot::bootWeb()
CRITICAL - 2025-08-18 14:20:11 --> DivisionByZeroError: Division by zero
[Method: POST, Route: api/v1/customer/fetchDealoftheProducts]
in APPPATH/Controllers/CustomerAppAPI.php on line 2295.
 1 SYSTEMPATH/CodeIgniter.php(933): App\Controllers\CustomerAppAPI->fetchDealoftheProducts()
 2 SYSTEMPATH/CodeIgniter.php(509): CodeIgniter\CodeIgniter->runController()
 3 SYSTEMPATH/CodeIgniter.php(355): CodeIgniter\CodeIgniter->handleRequest()
 4 SYSTEMPATH/Boot.php(334): CodeIgniter\CodeIgniter->run()
 5 SYSTEMPATH/Boot.php(67): CodeIgniter\Boot::runCodeIgniter()
 6 FCPATH/index.php(56): CodeIgniter\Boot::bootWeb()
CRITICAL - 2025-08-18 14:21:23 --> DivisionByZeroError: Division by zero
[Method: POST, Route: api/v1/customer/fetchDealoftheProducts]
in APPPATH/Controllers/CustomerAppAPI.php on line 2295.
 1 SYSTEMPATH/CodeIgniter.php(933): App\Controllers\CustomerAppAPI->fetchDealoftheProducts()
 2 SYSTEMPATH/CodeIgniter.php(509): CodeIgniter\CodeIgniter->runController()
 3 SYSTEMPATH/CodeIgniter.php(355): CodeIgniter\CodeIgniter->handleRequest()
 4 SYSTEMPATH/Boot.php(334): CodeIgniter\CodeIgniter->run()
 5 SYSTEMPATH/Boot.php(67): CodeIgniter\Boot::runCodeIgniter()
 6 FCPATH/index.php(56): CodeIgniter\Boot::bootWeb()
CRITICAL - 2025-08-18 17:26:19 --> DivisionByZeroError: Division by zero
[Method: POST, Route: api/v1/customer/fetchDealoftheProducts]
in APPPATH/Controllers/CustomerAppAPI.php on line 2295.
 1 SYSTEMPATH/CodeIgniter.php(933): App\Controllers\CustomerAppAPI->fetchDealoftheProducts()
 2 SYSTEMPATH/CodeIgniter.php(509): CodeIgniter\CodeIgniter->runController()
 3 SYSTEMPATH/CodeIgniter.php(355): CodeIgniter\CodeIgniter->handleRequest()
 4 SYSTEMPATH/Boot.php(334): CodeIgniter\CodeIgniter->run()
 5 SYSTEMPATH/Boot.php(67): CodeIgniter\Boot::runCodeIgniter()
 6 FCPATH/index.php(56): CodeIgniter\Boot::bootWeb()
CRITICAL - 2025-08-18 17:26:19 --> DivisionByZeroError: Division by zero
[Method: POST, Route: api/v1/customer/fetchDealoftheProducts]
in APPPATH/Controllers/CustomerAppAPI.php on line 2295.
 1 SYSTEMPATH/CodeIgniter.php(933): App\Controllers\CustomerAppAPI->fetchDealoftheProducts()
 2 SYSTEMPATH/CodeIgniter.php(509): CodeIgniter\CodeIgniter->runController()
 3 SYSTEMPATH/CodeIgniter.php(355): CodeIgniter\CodeIgniter->handleRequest()
 4 SYSTEMPATH/Boot.php(334): CodeIgniter\CodeIgniter->run()
 5 SYSTEMPATH/Boot.php(67): CodeIgniter\Boot::runCodeIgniter()
 6 FCPATH/index.php(56): CodeIgniter\Boot::bootWeb()
CRITICAL - 2025-08-18 17:26:20 --> DivisionByZeroError: Division by zero
[Method: POST, Route: api/v1/customer/fetchDealoftheProducts]
in APPPATH/Controllers/CustomerAppAPI.php on line 2295.
 1 SYSTEMPATH/CodeIgniter.php(933): App\Controllers\CustomerAppAPI->fetchDealoftheProducts()
 2 SYSTEMPATH/CodeIgniter.php(509): CodeIgniter\CodeIgniter->runController()
 3 SYSTEMPATH/CodeIgniter.php(355): CodeIgniter\CodeIgniter->handleRequest()
 4 SYSTEMPATH/Boot.php(334): CodeIgniter\CodeIgniter->run()
 5 SYSTEMPATH/Boot.php(67): CodeIgniter\Boot::runCodeIgniter()
 6 FCPATH/index.php(56): CodeIgniter\Boot::bootWeb()
